# project ns (3.27) configured on Sun Nov 19 15:51:47 2017 by
# waf 1.8.19 (abi 98, python 2070af0 on darwin)
# using ./waf configure --enable-examples
#
----------------------------------------
Setting top to
/Users/zackbraun/Downloads/ns-allinone-3.27/ns-3.27
----------------------------------------
Setting out to
/Users/zackbraun/Downloads/ns-allinone-3.27/ns-3.27/build
----------------------------------------
Checking for 'clang' (C compiler)
find program=['clang'] paths=['/usr/local/bin', '/usr/bin', '/bin', '/usr/sbin', '/sbin', '/opt/X11/bin'] var='CC' -> ['/usr/bin/clang']
['/usr/bin/clang', '-dM', '-E', '-']
out: #define OBJC_NEW_PROPERTIES 1
#define _LP64 1
#define __APPLE_CC__ 6000
#define __APPLE__ 1
#define __ATOMIC_ACQUIRE 2
#define __ATOMIC_ACQ_REL 4
#define __ATOMIC_CONSUME 1
#define __ATOMIC_RELAXED 0
#define __ATOMIC_RELEASE 3
#define __ATOMIC_SEQ_CST 5
#define __BIGGEST_ALIGNMENT__ 16
#define __BLOCKS__ 1
#define __BYTE_ORDER__ __ORDER_LITTLE_ENDIAN__
#define __CHAR16_TYPE__ unsigned short
#define __CHAR32_TYPE__ unsigned int
#define __CHAR_BIT__ 8
#define __CONSTANT_CFSTRINGS__ 1
#define __DBL_DECIMAL_DIG__ 17
#define __DBL_DENORM_MIN__ 4.9406564584124654e-324
#define __DBL_DIG__ 15
#define __DBL_EPSILON__ 2.2204460492503131e-16
#define __DBL_HAS_DENORM__ 1
#define __DBL_HAS_INFINITY__ 1
#define __DBL_HAS_QUIET_NAN__ 1
#define __DBL_MANT_DIG__ 53
#define __DBL_MAX_10_EXP__ 308
#define __DBL_MAX_EXP__ 1024
#define __DBL_MAX__ 1.7976931348623157e+308
#define __DBL_MIN_10_EXP__ (-307)
#define __DBL_MIN_EXP__ (-1021)
#define __DBL_MIN__ 2.2250738585072014e-308
#define __DECIMAL_DIG__ __LDBL_DECIMAL_DIG__
#define __DYNAMIC__ 1
#define __ENVIRONMENT_MAC_OS_X_VERSION_MIN_REQUIRED__ 101200
#define __FINITE_MATH_ONLY__ 0
#define __FLT_DECIMAL_DIG__ 9
#define __FLT_DENORM_MIN__ 1.40129846e-45F
#define __FLT_DIG__ 6
#define __FLT_EPSILON__ 1.19209290e-7F
#define __FLT_EVAL_METHOD__ 0
#define __FLT_HAS_DENORM__ 1
#define __FLT_HAS_INFINITY__ 1
#define __FLT_HAS_QUIET_NAN__ 1
#define __FLT_MANT_DIG__ 24
#define __FLT_MAX_10_EXP__ 38
#define __FLT_MAX_EXP__ 128
#define __FLT_MAX__ 3.40282347e+38F
#define __FLT_MIN_10_EXP__ (-37)
#define __FLT_MIN_EXP__ (-125)
#define __FLT_MIN__ 1.17549435e-38F
#define __FLT_RADIX__ 2
#define __FXSR__ 1
#define __GCC_ATOMIC_BOOL_LOCK_FREE 2
#define __GCC_ATOMIC_CHAR16_T_LOCK_FREE 2
#define __GCC_ATOMIC_CHAR32_T_LOCK_FREE 2
#define __GCC_ATOMIC_CHAR_LOCK_FREE 2
#define __GCC_ATOMIC_INT_LOCK_FREE 2
#define __GCC_ATOMIC_LLONG_LOCK_FREE 2
#define __GCC_ATOMIC_LONG_LOCK_FREE 2
#define __GCC_ATOMIC_POINTER_LOCK_FREE 2
#define __GCC_ATOMIC_SHORT_LOCK_FREE 2
#define __GCC_ATOMIC_TEST_AND_SET_TRUEVAL 1
#define __GCC_ATOMIC_WCHAR_T_LOCK_FREE 2
#define __GCC_HAVE_SYNC_COMPARE_AND_SWAP_1 1
#define __GCC_HAVE_SYNC_COMPARE_AND_SWAP_16 1
#define __GCC_HAVE_SYNC_COMPARE_AND_SWAP_2 1
#define __GCC_HAVE_SYNC_COMPARE_AND_SWAP_4 1
#define __GCC_HAVE_SYNC_COMPARE_AND_SWAP_8 1
#define __GNUC_MINOR__ 2
#define __GNUC_PATCHLEVEL__ 1
#define __GNUC_STDC_INLINE__ 1
#define __GNUC__ 4
#define __GXX_ABI_VERSION 1002
#define __INT16_C_SUFFIX__ 
#define __INT16_FMTd__ "hd"
#define __INT16_FMTi__ "hi"
#define __INT16_MAX__ 32767
#define __INT16_TYPE__ short
#define __INT32_C_SUFFIX__ 
#define __INT32_FMTd__ "d"
#define __INT32_FMTi__ "i"
#define __INT32_MAX__ 2147483647
#define __INT32_TYPE__ int
#define __INT64_C_SUFFIX__ LL
#define __INT64_FMTd__ "lld"
#define __INT64_FMTi__ "lli"
#define __INT64_MAX__ 9223372036854775807LL
#define __INT64_TYPE__ long long int
#define __INT8_C_SUFFIX__ 
#define __INT8_FMTd__ "hhd"
#define __INT8_FMTi__ "hhi"
#define __INT8_MAX__ 127
#define __INT8_TYPE__ signed char
#define __INTMAX_C_SUFFIX__ L
#define __INTMAX_FMTd__ "ld"
#define __INTMAX_FMTi__ "li"
#define __INTMAX_MAX__ 9223372036854775807L
#define __INTMAX_TYPE__ long int
#define __INTMAX_WIDTH__ 64
#define __INTPTR_FMTd__ "ld"
#define __INTPTR_FMTi__ "li"
#define __INTPTR_MAX__ 9223372036854775807L
#define __INTPTR_TYPE__ long int
#define __INTPTR_WIDTH__ 64
#define __INT_FAST16_FMTd__ "hd"
#define __INT_FAST16_FMTi__ "hi"
#define __INT_FAST16_MAX__ 32767
#define __INT_FAST16_TYPE__ short
#define __INT_FAST32_FMTd__ "d"
#define __INT_FAST32_FMTi__ "i"
#define __INT_FAST32_MAX__ 2147483647
#define __INT_FAST32_TYPE__ int
#define __INT_FAST64_FMTd__ "ld"
#define __INT_FAST64_FMTi__ "li"
#define __INT_FAST64_MAX__ 9223372036854775807L
#define __INT_FAST64_TYPE__ long int
#define __INT_FAST8_FMTd__ "hhd"
#define __INT_FAST8_FMTi__ "hhi"
#define __INT_FAST8_MAX__ 127
#define __INT_FAST8_TYPE__ signed char
#define __INT_LEAST16_FMTd__ "hd"
#define __INT_LEAST16_FMTi__ "hi"
#define __INT_LEAST16_MAX__ 32767
#define __INT_LEAST16_TYPE__ short
#define __INT_LEAST32_FMTd__ "d"
#define __INT_LEAST32_FMTi__ "i"
#define __INT_LEAST32_MAX__ 2147483647
#define __INT_LEAST32_TYPE__ int
#define __INT_LEAST64_FMTd__ "ld"
#define __INT_LEAST64_FMTi__ "li"
#define __INT_LEAST64_MAX__ 9223372036854775807L
#define __INT_LEAST64_TYPE__ long int
#define __INT_LEAST8_FMTd__ "hhd"
#define __INT_LEAST8_FMTi__ "hhi"
#define __INT_LEAST8_MAX__ 127
#define __INT_LEAST8_TYPE__ signed char
#define __INT_MAX__ 2147483647
#define __LDBL_DECIMAL_DIG__ 21
#define __LDBL_DENORM_MIN__ 3.64519953188247460253e-4951L
#define __LDBL_DIG__ 18
#define __LDBL_EPSILON__ 1.08420217248550443401e-19L
#define __LDBL_HAS_DENORM__ 1
#define __LDBL_HAS_INFINITY__ 1
#define __LDBL_HAS_QUIET_NAN__ 1
#define __LDBL_MANT_DIG__ 64
#define __LDBL_MAX_10_EXP__ 4932
#define __LDBL_MAX_EXP__ 16384
#define __LDBL_MAX__ 1.18973149535723176502e+4932L
#define __LDBL_MIN_10_EXP__ (-4931)
#define __LDBL_MIN_EXP__ (-16381)
#define __LDBL_MIN__ 3.36210314311209350626e-4932L
#define __LITTLE_ENDIAN__ 1
#define __LONG_LONG_MAX__ 9223372036854775807LL
#define __LONG_MAX__ 9223372036854775807L
#define __LP64__ 1
#define __MACH__ 1
#define __MMX__ 1
#define __NO_INLINE__ 1
#define __NO_MATH_INLINES 1
#define __OBJC_BOOL_IS_BOOL 0
#define __ORDER_BIG_ENDIAN__ 4321
#define __ORDER_LITTLE_ENDIAN__ 1234
#define __ORDER_PDP_ENDIAN__ 3412
#define __PIC__ 2
#define __POINTER_WIDTH__ 64
#define __PRAGMA_REDEFINE_EXTNAME 1
#define __PTRDIFF_FMTd__ "ld"
#define __PTRDIFF_FMTi__ "li"
#define __PTRDIFF_MAX__ 9223372036854775807L
#define __PTRDIFF_TYPE__ long int
#define __PTRDIFF_WIDTH__ 64
#define __REGISTER_PREFIX__ 
#define __SCHAR_MAX__ 127
#define __SHRT_MAX__ 32767
#define __SIG_ATOMIC_MAX__ 2147483647
#define __SIG_ATOMIC_WIDTH__ 32
#define __SIZEOF_DOUBLE__ 8
#define __SIZEOF_FLOAT__ 4
#define __SIZEOF_INT128__ 16
#define __SIZEOF_INT__ 4
#define __SIZEOF_LONG_DOUBLE__ 16
#define __SIZEOF_LONG_LONG__ 8
#define __SIZEOF_LONG__ 8
#define __SIZEOF_POINTER__ 8
#define __SIZEOF_PTRDIFF_T__ 8
#define __SIZEOF_SHORT__ 2
#define __SIZEOF_SIZE_T__ 8
#define __SIZEOF_WCHAR_T__ 4
#define __SIZEOF_WINT_T__ 4
#define __SIZE_FMTX__ "lX"
#define __SIZE_FMTo__ "lo"
#define __SIZE_FMTu__ "lu"
#define __SIZE_FMTx__ "lx"
#define __SIZE_MAX__ 18446744073709551615UL
#define __SIZE_TYPE__ long unsigned int
#define __SIZE_WIDTH__ 64
#define __SSE2_MATH__ 1
#define __SSE2__ 1
#define __SSE3__ 1
#define __SSE4_1__ 1
#define __SSE_MATH__ 1
#define __SSE__ 1
#define __SSP__ 1
#define __SSSE3__ 1
#define __STDC_HOSTED__ 1
#define __STDC_NO_THREADS__ 1
#define __STDC_UTF_16__ 1
#define __STDC_UTF_32__ 1
#define __STDC_VERSION__ 201112L
#define __STDC__ 1
#define __UINT16_C_SUFFIX__ 
#define __UINT16_FMTX__ "hX"
#define __UINT16_FMTo__ "ho"
#define __UINT16_FMTu__ "hu"
#define __UINT16_FMTx__ "hx"
#define __UINT16_MAX__ 65535
#define __UINT16_TYPE__ unsigned short
#define __UINT32_C_SUFFIX__ U
#define __UINT32_FMTX__ "X"
#define __UINT32_FMTo__ "o"
#define __UINT32_FMTu__ "u"
#define __UINT32_FMTx__ "x"
#define __UINT32_MAX__ 4294967295U
#define __UINT32_TYPE__ unsigned int
#define __UINT64_C_SUFFIX__ ULL
#define __UINT64_FMTX__ "llX"
#define __UINT64_FMTo__ "llo"
#define __UINT64_FMTu__ "llu"
#define __UINT64_FMTx__ "llx"
#define __UINT64_MAX__ 18446744073709551615ULL
#define __UINT64_TYPE__ long long unsigned int
#define __UINT8_C_SUFFIX__ 
#define __UINT8_FMTX__ "hhX"
#define __UINT8_FMTo__ "hho"
#define __UINT8_FMTu__ "hhu"
#define __UINT8_FMTx__ "hhx"
#define __UINT8_MAX__ 255
#define __UINT8_TYPE__ unsigned char
#define __UINTMAX_C_SUFFIX__ UL
#define __UINTMAX_FMTX__ "lX"
#define __UINTMAX_FMTo__ "lo"
#define __UINTMAX_FMTu__ "lu"
#define __UINTMAX_FMTx__ "lx"
#define __UINTMAX_MAX__ 18446744073709551615UL
#define __UINTMAX_TYPE__ long unsigned int
#define __UINTMAX_WIDTH__ 64
#define __UINTPTR_FMTX__ "lX"
#define __UINTPTR_FMTo__ "lo"
#define __UINTPTR_FMTu__ "lu"
#define __UINTPTR_FMTx__ "lx"
#define __UINTPTR_MAX__ 18446744073709551615UL
#define __UINTPTR_TYPE__ long unsigned int
#define __UINTPTR_WIDTH__ 64
#define __UINT_FAST16_FMTX__ "hX"
#define __UINT_FAST16_FMTo__ "ho"
#define __UINT_FAST16_FMTu__ "hu"
#define __UINT_FAST16_FMTx__ "hx"
#define __UINT_FAST16_MAX__ 65535
#define __UINT_FAST16_TYPE__ unsigned short
#define __UINT_FAST32_FMTX__ "X"
#define __UINT_FAST32_FMTo__ "o"
#define __UINT_FAST32_FMTu__ "u"
#define __UINT_FAST32_FMTx__ "x"
#define __UINT_FAST32_MAX__ 4294967295U
#define __UINT_FAST32_TYPE__ unsigned int
#define __UINT_FAST64_FMTX__ "lX"
#define __UINT_FAST64_FMTo__ "lo"
#define __UINT_FAST64_FMTu__ "lu"
#define __UINT_FAST64_FMTx__ "lx"
#define __UINT_FAST64_MAX__ 18446744073709551615UL
#define __UINT_FAST64_TYPE__ long unsigned int
#define __UINT_FAST8_FMTX__ "hhX"
#define __UINT_FAST8_FMTo__ "hho"
#define __UINT_FAST8_FMTu__ "hhu"
#define __UINT_FAST8_FMTx__ "hhx"
#define __UINT_FAST8_MAX__ 255
#define __UINT_FAST8_TYPE__ unsigned char
#define __UINT_LEAST16_FMTX__ "hX"
#define __UINT_LEAST16_FMTo__ "ho"
#define __UINT_LEAST16_FMTu__ "hu"
#define __UINT_LEAST16_FMTx__ "hx"
#define __UINT_LEAST16_MAX__ 65535
#define __UINT_LEAST16_TYPE__ unsigned short
#define __UINT_LEAST32_FMTX__ "X"
#define __UINT_LEAST32_FMTo__ "o"
#define __UINT_LEAST32_FMTu__ "u"
#define __UINT_LEAST32_FMTx__ "x"
#define __UINT_LEAST32_MAX__ 4294967295U
#define __UINT_LEAST32_TYPE__ unsigned int
#define __UINT_LEAST64_FMTX__ "lX"
#define __UINT_LEAST64_FMTo__ "lo"
#define __UINT_LEAST64_FMTu__ "lu"
#define __UINT_LEAST64_FMTx__ "lx"
#define __UINT_LEAST64_MAX__ 18446744073709551615UL
#define __UINT_LEAST64_TYPE__ long unsigned int
#define __UINT_LEAST8_FMTX__ "hhX"
#define __UINT_LEAST8_FMTo__ "hho"
#define __UINT_LEAST8_FMTu__ "hhu"
#define __UINT_LEAST8_FMTx__ "hhx"
#define __UINT_LEAST8_MAX__ 255
#define __UINT_LEAST8_TYPE__ unsigned char
#define __USER_LABEL_PREFIX__ _
#define __VERSION__ "4.2.1 Compatible Apple LLVM 9.0.0 (clang-900.0.38)"
#define __WCHAR_MAX__ 2147483647
#define __WCHAR_TYPE__ int
#define __WCHAR_WIDTH__ 32
#define __WINT_TYPE__ int
#define __WINT_WIDTH__ 32
#define __amd64 1
#define __amd64__ 1
#define __apple_build_version__ 9000038
#define __block __attribute__((__blocks__(byref)))
#define __clang__ 1
#define __clang_major__ 9
#define __clang_minor__ 0
#define __clang_patchlevel__ 0
#define __clang_version__ "9.0.0 (clang-900.0.38)"
#define __core2 1
#define __core2__ 1
#define __llvm__ 1
#define __nonnull _Nonnull
#define __null_unspecified _Null_unspecified
#define __nullable _Nullable
#define __pic__ 2
#define __strong 
#define __tune_core2__ 1
#define __unsafe_unretained 
#define __weak __attribute__((objc_gc(weak)))
#define __x86_64 1
#define __x86_64__ 1

find program=['llvm-ar', 'ar'] paths=['/usr/local/bin', '/usr/bin', '/bin', '/usr/sbin', '/sbin', '/opt/X11/bin'] var='AR' -> ['/usr/bin/ar']
find program=['ar'] paths=['/usr/local/bin', '/usr/bin', '/bin', '/usr/sbin', '/sbin', '/opt/X11/bin'] var='AR' -> ['/usr/bin/ar']
/usr/bin/clang
----------------------------------------
Checking for cc version
9.0.0
----------------------------------------
Checking for 'clang++' (C++ compiler)
find program=['clang++'] paths=['/usr/local/bin', '/usr/bin', '/bin', '/usr/sbin', '/sbin', '/opt/X11/bin'] var='CXX' -> ['/usr/bin/clang++']
['/usr/bin/clang++', '-dM', '-E', '-']
out: #define OBJC_NEW_PROPERTIES 1
#define _LP64 1
#define __APPLE_CC__ 6000
#define __APPLE__ 1
#define __ATOMIC_ACQUIRE 2
#define __ATOMIC_ACQ_REL 4
#define __ATOMIC_CONSUME 1
#define __ATOMIC_RELAXED 0
#define __ATOMIC_RELEASE 3
#define __ATOMIC_SEQ_CST 5
#define __BIGGEST_ALIGNMENT__ 16
#define __BLOCKS__ 1
#define __BYTE_ORDER__ __ORDER_LITTLE_ENDIAN__
#define __CHAR16_TYPE__ unsigned short
#define __CHAR32_TYPE__ unsigned int
#define __CHAR_BIT__ 8
#define __CONSTANT_CFSTRINGS__ 1
#define __DBL_DECIMAL_DIG__ 17
#define __DBL_DENORM_MIN__ 4.9406564584124654e-324
#define __DBL_DIG__ 15
#define __DBL_EPSILON__ 2.2204460492503131e-16
#define __DBL_HAS_DENORM__ 1
#define __DBL_HAS_INFINITY__ 1
#define __DBL_HAS_QUIET_NAN__ 1
#define __DBL_MANT_DIG__ 53
#define __DBL_MAX_10_EXP__ 308
#define __DBL_MAX_EXP__ 1024
#define __DBL_MAX__ 1.7976931348623157e+308
#define __DBL_MIN_10_EXP__ (-307)
#define __DBL_MIN_EXP__ (-1021)
#define __DBL_MIN__ 2.2250738585072014e-308
#define __DECIMAL_DIG__ __LDBL_DECIMAL_DIG__
#define __DYNAMIC__ 1
#define __ENVIRONMENT_MAC_OS_X_VERSION_MIN_REQUIRED__ 101200
#define __FINITE_MATH_ONLY__ 0
#define __FLT_DECIMAL_DIG__ 9
#define __FLT_DENORM_MIN__ 1.40129846e-45F
#define __FLT_DIG__ 6
#define __FLT_EPSILON__ 1.19209290e-7F
#define __FLT_EVAL_METHOD__ 0
#define __FLT_HAS_DENORM__ 1
#define __FLT_HAS_INFINITY__ 1
#define __FLT_HAS_QUIET_NAN__ 1
#define __FLT_MANT_DIG__ 24
#define __FLT_MAX_10_EXP__ 38
#define __FLT_MAX_EXP__ 128
#define __FLT_MAX__ 3.40282347e+38F
#define __FLT_MIN_10_EXP__ (-37)
#define __FLT_MIN_EXP__ (-125)
#define __FLT_MIN__ 1.17549435e-38F
#define __FLT_RADIX__ 2
#define __FXSR__ 1
#define __GCC_ATOMIC_BOOL_LOCK_FREE 2
#define __GCC_ATOMIC_CHAR16_T_LOCK_FREE 2
#define __GCC_ATOMIC_CHAR32_T_LOCK_FREE 2
#define __GCC_ATOMIC_CHAR_LOCK_FREE 2
#define __GCC_ATOMIC_INT_LOCK_FREE 2
#define __GCC_ATOMIC_LLONG_LOCK_FREE 2
#define __GCC_ATOMIC_LONG_LOCK_FREE 2
#define __GCC_ATOMIC_POINTER_LOCK_FREE 2
#define __GCC_ATOMIC_SHORT_LOCK_FREE 2
#define __GCC_ATOMIC_TEST_AND_SET_TRUEVAL 1
#define __GCC_ATOMIC_WCHAR_T_LOCK_FREE 2
#define __GCC_HAVE_SYNC_COMPARE_AND_SWAP_1 1
#define __GCC_HAVE_SYNC_COMPARE_AND_SWAP_16 1
#define __GCC_HAVE_SYNC_COMPARE_AND_SWAP_2 1
#define __GCC_HAVE_SYNC_COMPARE_AND_SWAP_4 1
#define __GCC_HAVE_SYNC_COMPARE_AND_SWAP_8 1
#define __GNUC_MINOR__ 2
#define __GNUC_PATCHLEVEL__ 1
#define __GNUC_STDC_INLINE__ 1
#define __GNUC__ 4
#define __GXX_ABI_VERSION 1002
#define __INT16_C_SUFFIX__ 
#define __INT16_FMTd__ "hd"
#define __INT16_FMTi__ "hi"
#define __INT16_MAX__ 32767
#define __INT16_TYPE__ short
#define __INT32_C_SUFFIX__ 
#define __INT32_FMTd__ "d"
#define __INT32_FMTi__ "i"
#define __INT32_MAX__ 2147483647
#define __INT32_TYPE__ int
#define __INT64_C_SUFFIX__ LL
#define __INT64_FMTd__ "lld"
#define __INT64_FMTi__ "lli"
#define __INT64_MAX__ 9223372036854775807LL
#define __INT64_TYPE__ long long int
#define __INT8_C_SUFFIX__ 
#define __INT8_FMTd__ "hhd"
#define __INT8_FMTi__ "hhi"
#define __INT8_MAX__ 127
#define __INT8_TYPE__ signed char
#define __INTMAX_C_SUFFIX__ L
#define __INTMAX_FMTd__ "ld"
#define __INTMAX_FMTi__ "li"
#define __INTMAX_MAX__ 9223372036854775807L
#define __INTMAX_TYPE__ long int
#define __INTMAX_WIDTH__ 64
#define __INTPTR_FMTd__ "ld"
#define __INTPTR_FMTi__ "li"
#define __INTPTR_MAX__ 9223372036854775807L
#define __INTPTR_TYPE__ long int
#define __INTPTR_WIDTH__ 64
#define __INT_FAST16_FMTd__ "hd"
#define __INT_FAST16_FMTi__ "hi"
#define __INT_FAST16_MAX__ 32767
#define __INT_FAST16_TYPE__ short
#define __INT_FAST32_FMTd__ "d"
#define __INT_FAST32_FMTi__ "i"
#define __INT_FAST32_MAX__ 2147483647
#define __INT_FAST32_TYPE__ int
#define __INT_FAST64_FMTd__ "ld"
#define __INT_FAST64_FMTi__ "li"
#define __INT_FAST64_MAX__ 9223372036854775807L
#define __INT_FAST64_TYPE__ long int
#define __INT_FAST8_FMTd__ "hhd"
#define __INT_FAST8_FMTi__ "hhi"
#define __INT_FAST8_MAX__ 127
#define __INT_FAST8_TYPE__ signed char
#define __INT_LEAST16_FMTd__ "hd"
#define __INT_LEAST16_FMTi__ "hi"
#define __INT_LEAST16_MAX__ 32767
#define __INT_LEAST16_TYPE__ short
#define __INT_LEAST32_FMTd__ "d"
#define __INT_LEAST32_FMTi__ "i"
#define __INT_LEAST32_MAX__ 2147483647
#define __INT_LEAST32_TYPE__ int
#define __INT_LEAST64_FMTd__ "ld"
#define __INT_LEAST64_FMTi__ "li"
#define __INT_LEAST64_MAX__ 9223372036854775807L
#define __INT_LEAST64_TYPE__ long int
#define __INT_LEAST8_FMTd__ "hhd"
#define __INT_LEAST8_FMTi__ "hhi"
#define __INT_LEAST8_MAX__ 127
#define __INT_LEAST8_TYPE__ signed char
#define __INT_MAX__ 2147483647
#define __LDBL_DECIMAL_DIG__ 21
#define __LDBL_DENORM_MIN__ 3.64519953188247460253e-4951L
#define __LDBL_DIG__ 18
#define __LDBL_EPSILON__ 1.08420217248550443401e-19L
#define __LDBL_HAS_DENORM__ 1
#define __LDBL_HAS_INFINITY__ 1
#define __LDBL_HAS_QUIET_NAN__ 1
#define __LDBL_MANT_DIG__ 64
#define __LDBL_MAX_10_EXP__ 4932
#define __LDBL_MAX_EXP__ 16384
#define __LDBL_MAX__ 1.18973149535723176502e+4932L
#define __LDBL_MIN_10_EXP__ (-4931)
#define __LDBL_MIN_EXP__ (-16381)
#define __LDBL_MIN__ 3.36210314311209350626e-4932L
#define __LITTLE_ENDIAN__ 1
#define __LONG_LONG_MAX__ 9223372036854775807LL
#define __LONG_MAX__ 9223372036854775807L
#define __LP64__ 1
#define __MACH__ 1
#define __MMX__ 1
#define __NO_INLINE__ 1
#define __NO_MATH_INLINES 1
#define __OBJC_BOOL_IS_BOOL 0
#define __ORDER_BIG_ENDIAN__ 4321
#define __ORDER_LITTLE_ENDIAN__ 1234
#define __ORDER_PDP_ENDIAN__ 3412
#define __PIC__ 2
#define __POINTER_WIDTH__ 64
#define __PRAGMA_REDEFINE_EXTNAME 1
#define __PTRDIFF_FMTd__ "ld"
#define __PTRDIFF_FMTi__ "li"
#define __PTRDIFF_MAX__ 9223372036854775807L
#define __PTRDIFF_TYPE__ long int
#define __PTRDIFF_WIDTH__ 64
#define __REGISTER_PREFIX__ 
#define __SCHAR_MAX__ 127
#define __SHRT_MAX__ 32767
#define __SIG_ATOMIC_MAX__ 2147483647
#define __SIG_ATOMIC_WIDTH__ 32
#define __SIZEOF_DOUBLE__ 8
#define __SIZEOF_FLOAT__ 4
#define __SIZEOF_INT128__ 16
#define __SIZEOF_INT__ 4
#define __SIZEOF_LONG_DOUBLE__ 16
#define __SIZEOF_LONG_LONG__ 8
#define __SIZEOF_LONG__ 8
#define __SIZEOF_POINTER__ 8
#define __SIZEOF_PTRDIFF_T__ 8
#define __SIZEOF_SHORT__ 2
#define __SIZEOF_SIZE_T__ 8
#define __SIZEOF_WCHAR_T__ 4
#define __SIZEOF_WINT_T__ 4
#define __SIZE_FMTX__ "lX"
#define __SIZE_FMTo__ "lo"
#define __SIZE_FMTu__ "lu"
#define __SIZE_FMTx__ "lx"
#define __SIZE_MAX__ 18446744073709551615UL
#define __SIZE_TYPE__ long unsigned int
#define __SIZE_WIDTH__ 64
#define __SSE2_MATH__ 1
#define __SSE2__ 1
#define __SSE3__ 1
#define __SSE4_1__ 1
#define __SSE_MATH__ 1
#define __SSE__ 1
#define __SSP__ 1
#define __SSSE3__ 1
#define __STDC_HOSTED__ 1
#define __STDC_NO_THREADS__ 1
#define __STDC_UTF_16__ 1
#define __STDC_UTF_32__ 1
#define __STDC_VERSION__ 201112L
#define __STDC__ 1
#define __UINT16_C_SUFFIX__ 
#define __UINT16_FMTX__ "hX"
#define __UINT16_FMTo__ "ho"
#define __UINT16_FMTu__ "hu"
#define __UINT16_FMTx__ "hx"
#define __UINT16_MAX__ 65535
#define __UINT16_TYPE__ unsigned short
#define __UINT32_C_SUFFIX__ U
#define __UINT32_FMTX__ "X"
#define __UINT32_FMTo__ "o"
#define __UINT32_FMTu__ "u"
#define __UINT32_FMTx__ "x"
#define __UINT32_MAX__ 4294967295U
#define __UINT32_TYPE__ unsigned int
#define __UINT64_C_SUFFIX__ ULL
#define __UINT64_FMTX__ "llX"
#define __UINT64_FMTo__ "llo"
#define __UINT64_FMTu__ "llu"
#define __UINT64_FMTx__ "llx"
#define __UINT64_MAX__ 18446744073709551615ULL
#define __UINT64_TYPE__ long long unsigned int
#define __UINT8_C_SUFFIX__ 
#define __UINT8_FMTX__ "hhX"
#define __UINT8_FMTo__ "hho"
#define __UINT8_FMTu__ "hhu"
#define __UINT8_FMTx__ "hhx"
#define __UINT8_MAX__ 255
#define __UINT8_TYPE__ unsigned char
#define __UINTMAX_C_SUFFIX__ UL
#define __UINTMAX_FMTX__ "lX"
#define __UINTMAX_FMTo__ "lo"
#define __UINTMAX_FMTu__ "lu"
#define __UINTMAX_FMTx__ "lx"
#define __UINTMAX_MAX__ 18446744073709551615UL
#define __UINTMAX_TYPE__ long unsigned int
#define __UINTMAX_WIDTH__ 64
#define __UINTPTR_FMTX__ "lX"
#define __UINTPTR_FMTo__ "lo"
#define __UINTPTR_FMTu__ "lu"
#define __UINTPTR_FMTx__ "lx"
#define __UINTPTR_MAX__ 18446744073709551615UL
#define __UINTPTR_TYPE__ long unsigned int
#define __UINTPTR_WIDTH__ 64
#define __UINT_FAST16_FMTX__ "hX"
#define __UINT_FAST16_FMTo__ "ho"
#define __UINT_FAST16_FMTu__ "hu"
#define __UINT_FAST16_FMTx__ "hx"
#define __UINT_FAST16_MAX__ 65535
#define __UINT_FAST16_TYPE__ unsigned short
#define __UINT_FAST32_FMTX__ "X"
#define __UINT_FAST32_FMTo__ "o"
#define __UINT_FAST32_FMTu__ "u"
#define __UINT_FAST32_FMTx__ "x"
#define __UINT_FAST32_MAX__ 4294967295U
#define __UINT_FAST32_TYPE__ unsigned int
#define __UINT_FAST64_FMTX__ "lX"
#define __UINT_FAST64_FMTo__ "lo"
#define __UINT_FAST64_FMTu__ "lu"
#define __UINT_FAST64_FMTx__ "lx"
#define __UINT_FAST64_MAX__ 18446744073709551615UL
#define __UINT_FAST64_TYPE__ long unsigned int
#define __UINT_FAST8_FMTX__ "hhX"
#define __UINT_FAST8_FMTo__ "hho"
#define __UINT_FAST8_FMTu__ "hhu"
#define __UINT_FAST8_FMTx__ "hhx"
#define __UINT_FAST8_MAX__ 255
#define __UINT_FAST8_TYPE__ unsigned char
#define __UINT_LEAST16_FMTX__ "hX"
#define __UINT_LEAST16_FMTo__ "ho"
#define __UINT_LEAST16_FMTu__ "hu"
#define __UINT_LEAST16_FMTx__ "hx"
#define __UINT_LEAST16_MAX__ 65535
#define __UINT_LEAST16_TYPE__ unsigned short
#define __UINT_LEAST32_FMTX__ "X"
#define __UINT_LEAST32_FMTo__ "o"
#define __UINT_LEAST32_FMTu__ "u"
#define __UINT_LEAST32_FMTx__ "x"
#define __UINT_LEAST32_MAX__ 4294967295U
#define __UINT_LEAST32_TYPE__ unsigned int
#define __UINT_LEAST64_FMTX__ "lX"
#define __UINT_LEAST64_FMTo__ "lo"
#define __UINT_LEAST64_FMTu__ "lu"
#define __UINT_LEAST64_FMTx__ "lx"
#define __UINT_LEAST64_MAX__ 18446744073709551615UL
#define __UINT_LEAST64_TYPE__ long unsigned int
#define __UINT_LEAST8_FMTX__ "hhX"
#define __UINT_LEAST8_FMTo__ "hho"
#define __UINT_LEAST8_FMTu__ "hhu"
#define __UINT_LEAST8_FMTx__ "hhx"
#define __UINT_LEAST8_MAX__ 255
#define __UINT_LEAST8_TYPE__ unsigned char
#define __USER_LABEL_PREFIX__ _
#define __VERSION__ "4.2.1 Compatible Apple LLVM 9.0.0 (clang-900.0.38)"
#define __WCHAR_MAX__ 2147483647
#define __WCHAR_TYPE__ int
#define __WCHAR_WIDTH__ 32
#define __WINT_TYPE__ int
#define __WINT_WIDTH__ 32
#define __amd64 1
#define __amd64__ 1
#define __apple_build_version__ 9000038
#define __block __attribute__((__blocks__(byref)))
#define __clang__ 1
#define __clang_major__ 9
#define __clang_minor__ 0
#define __clang_patchlevel__ 0
#define __clang_version__ "9.0.0 (clang-900.0.38)"
#define __core2 1
#define __core2__ 1
#define __llvm__ 1
#define __nonnull _Nonnull
#define __null_unspecified _Null_unspecified
#define __nullable _Nullable
#define __pic__ 2
#define __strong 
#define __tune_core2__ 1
#define __unsafe_unretained 
#define __weak __attribute__((objc_gc(weak)))
#define __x86_64 1
#define __x86_64__ 1

find program=['llvm-ar', 'ar'] paths=['/usr/local/bin', '/usr/bin', '/bin', '/usr/sbin', '/sbin', '/opt/X11/bin'] var='AR' -> ['/usr/bin/ar']
(tool ar is already loaded, skipping)
/usr/bin/clang++
----------------------------------------
Checking for program 'python'
/usr/bin/python
find program=['python'] paths=['/usr/local/bin', '/usr/bin', '/bin', '/usr/sbin', '/sbin', '/opt/X11/bin'] var='PYTHON' -> ['/usr/bin/python']
['/usr/bin/python', '-c', 'import imp;print(imp.get_tag())']
err: Traceback (most recent call last):
  File "<string>", line 1, in <module>
AttributeError: 'module' object has no attribute 'get_tag'

['/usr/bin/python', '-c', 'import sys\nfor x in sys.version_info: print(str(x))']
out: 2
7
10
final
0

['/usr/bin/python', '-c', "from distutils.sysconfig import get_config_var, get_python_lib\n\nprint(repr(get_python_lib(standard_lib=0, prefix='/usr/local') or ''))"]
out: '/usr/local/lib/python2.7/site-packages'

'/usr/local/lib/python2.7/site-packages'

['/usr/bin/python', '-c', "from distutils.sysconfig import get_config_var, get_python_lib\n\nprint(repr(get_python_lib(plat_specific=1, standard_lib=0, prefix='/usr/local') or ''))"]
out: '/usr/local/lib/python2.7/site-packages'

'/usr/local/lib/python2.7/site-packages'

----------------------------------------
Checking for python version
(2, 7, 10, 'final', 0)
['/usr/bin/python', '-c', "from distutils.sysconfig import get_config_var, get_python_lib\n\nprint(repr(get_config_var('prefix') or ''))\nprint(repr(get_config_var('SO') or ''))\nprint(repr(get_config_var('LDFLAGS') or ''))\nprint(repr(get_config_var('LIBDIR') or ''))\nprint(repr(get_config_var('LIBPL') or ''))\nprint(repr(get_config_var('INCLUDEPY') or ''))\nprint(repr(get_config_var('Py_ENABLE_SHARED') or ''))\nprint(repr(get_config_var('MACOSX_DEPLOYMENT_TARGET') or ''))\nprint(repr(get_config_var('LDSHARED') or ''))\nprint(repr(get_config_var('CFLAGS') or ''))\nprint(repr(get_config_var('LDVERSION') or ''))"]
out: '/System/Library/Frameworks/Python.framework/Versions/2.7'
'.so'
'-arch x86_64 -arch i386            -Wl,-F.'
'/System/Library/Frameworks/Python.framework/Versions/2.7/lib'
'/System/Library/Frameworks/Python.framework/Versions/2.7/lib/python2.7/config'
'/System/Library/Frameworks/Python.framework/Versions/2.7/include/python2.7'
''
'10.12'
'cc -bundle -undefined dynamic_lookup -arch x86_64 -arch i386            -Wl,-F.'
'-fno-strict-aliasing -fno-common -dynamic -arch x86_64 -arch i386 -g -Os -pipe -fno-common -fno-strict-aliasing -fwrapv -DENABLE_DTRACE -DMACOSX -DNDEBUG -Wall -Wstrict-prototypes -Wshorten-64-to-32 -DNDEBUG -g -fwrapv -Os -Wall -Wstrict-prototypes -DENABLE_DTRACE'
''

'/System/Library/Frameworks/Python.framework/Versions/2.7'
'.so'
'-arch x86_64 -arch i386            -Wl,-F.'
'/System/Library/Frameworks/Python.framework/Versions/2.7/lib'
'/System/Library/Frameworks/Python.framework/Versions/2.7/lib/python2.7/config'
'/System/Library/Frameworks/Python.framework/Versions/2.7/include/python2.7'
''
'10.12'
'cc -bundle -undefined dynamic_lookup -arch x86_64 -arch i386            -Wl,-F.'
'-fno-strict-aliasing -fno-common -dynamic -arch x86_64 -arch i386 -g -Os -pipe -fno-common -fno-strict-aliasing -fwrapv -DENABLE_DTRACE -DMACOSX -DNDEBUG -Wall -Wstrict-prototypes -Wshorten-64-to-32 -DNDEBUG -g -fwrapv -Os -Wall -Wstrict-prototypes -DENABLE_DTRACE'
''

Configuration returned from ['/usr/bin/python']:
prefix = '/System/Library/Frameworks/Python.framework/Versions/2.7'
SO = '.so'
LDFLAGS = '-arch x86_64 -arch i386            -Wl,-F.'
LIBDIR = '/System/Library/Frameworks/Python.framework/Versions/2.7/lib'
LIBPL = '/System/Library/Frameworks/Python.framework/Versions/2.7/lib/python2.7/config'
INCLUDEPY = '/System/Library/Frameworks/Python.framework/Versions/2.7/include/python2.7'
Py_ENABLE_SHARED = ''
MACOSX_DEPLOYMENT_TARGET = '10.12'
LDSHARED = 'cc -bundle -undefined dynamic_lookup -arch x86_64 -arch i386            -Wl,-F.'
CFLAGS = '-fno-strict-aliasing -fno-common -dynamic -arch x86_64 -arch i386 -g -Os -pipe -fno-common -fno-strict-aliasing -fwrapv -DENABLE_DTRACE -DMACOSX -DNDEBUG -Wall -Wstrict-prototypes -Wshorten-64-to-32 -DNDEBUG -g -fwrapv -Os -Wall -Wstrict-prototypes -DENABLE_DTRACE'
LDVERSION = ''

----------------------------------------
python-config
/usr/bin/python-config
find program=['/usr/bin/python-config', 'python2.7-config', 'python-config-2.7', 'python2.7m-config'] paths=['/usr/local/bin', '/usr/bin', '/bin', '/usr/sbin', '/sbin', '/opt/X11/bin'] var='PYTHON_CONFIG' -> ['/usr/bin/python-config']
------------------------------------------------------------------
Asking python-config for pyembed '--cflags --libs --ldflags' flags
['/usr/bin/python-config', '--cflags', '--libs', '--ldflags']
out: -I/System/Library/Frameworks/Python.framework/Versions/2.7/include/python2.7 -I/System/Library/Frameworks/Python.framework/Versions/2.7/include/python2.7 -fno-strict-aliasing -fno-common -dynamic -arch x86_64 -arch i386 -g -Os -pipe -fno-common -fno-strict-aliasing -fwrapv -DENABLE_DTRACE -DMACOSX -DNDEBUG -Wall -Wstrict-prototypes -Wshorten-64-to-32 -DNDEBUG -g -fwrapv -Os -Wall -Wstrict-prototypes -DENABLE_DTRACE
-lpython2.7 -ldl -framework CoreFoundation
-L/System/Library/Frameworks/Python.framework/Versions/2.7/lib/python2.7/config -lpython2.7 -ldl -framework CoreFoundation

yes
------------------------------------------------------------------
Testing pyembed configuration
==>

#include <Python.h>
#ifdef __cplusplus
extern "C" {
#endif
	void Py_Initialize(void);
	void Py_Finalize(void);
#ifdef __cplusplus
}
#endif
int main(int argc, char **argv)
{
   (void)argc; (void)argv;
   Py_Initialize();
   Py_Finalize();
   return 0;
}

<==
[1/2] Compiling [32mbuild/.conf_check_8badc2b919258f4c1af7c30b4e1d650c/test.cpp[0m

['/usr/bin/clang++', '-O0', '-ggdb', '-g3', '-Wall', '-Werror', '-Wno-unused-local-typedefs', '-Wno-potentially-evaluated-expression', '-std=c++11', '-fno-strict-aliasing', '-fno-common', '-dynamic', '-arch', 'x86_64', '-arch', 'i386', '-fno-common', '-fno-strict-aliasing', '-fwrapv', '-fwrapv', '-I/System/Library/Frameworks/Python.framework/Versions/2.7/include/python2.7', '-DNS3_BUILD_PROFILE_DEBUG', '-DNS3_ASSERT_ENABLE', '-DNS3_LOG_ENABLE', '-DPYTHONDIR="/usr/local/lib/python2.7/site-packages"', '-DPYTHONARCHDIR="/usr/local/lib/python2.7/site-packages"', '-DHAVE_PYEMBED=1', '-DENABLE_DTRACE', '-DMACOSX', '-DNDEBUG', '-DNDEBUG', '-DENABLE_DTRACE', '../test.cpp', '-c', '-o', '/Users/zackbraun/Downloads/ns-allinone-3.27/ns-3.27/build/.conf_check_8badc2b919258f4c1af7c30b4e1d650c/testbuild/test.cpp.1.o']
[2/2] Linking [33mbuild/.conf_check_8badc2b919258f4c1af7c30b4e1d650c/testbuild/testprog[0m

['/usr/bin/clang++', '-arch', 'x86_64', '-arch', 'i386', 'test.cpp.1.o', '-o', '/Users/zackbraun/Downloads/ns-allinone-3.27/ns-3.27/build/.conf_check_8badc2b919258f4c1af7c30b4e1d650c/testbuild/testprog', '-framework', 'CoreFoundation', '-L/System/Library/Frameworks/Python.framework/Versions/2.7/lib/python2.7/config', '-lpython2.7', '-ldl']
yes
------------------------------------------------------------------
Asking python-config for pyext '--cflags --libs --ldflags' flags
['/usr/bin/python-config', '--cflags', '--libs', '--ldflags']
out: -I/System/Library/Frameworks/Python.framework/Versions/2.7/include/python2.7 -I/System/Library/Frameworks/Python.framework/Versions/2.7/include/python2.7 -fno-strict-aliasing -fno-common -dynamic -arch x86_64 -arch i386 -g -Os -pipe -fno-common -fno-strict-aliasing -fwrapv -DENABLE_DTRACE -DMACOSX -DNDEBUG -Wall -Wstrict-prototypes -Wshorten-64-to-32 -DNDEBUG -g -fwrapv -Os -Wall -Wstrict-prototypes -DENABLE_DTRACE
-lpython2.7 -ldl -framework CoreFoundation
-L/System/Library/Frameworks/Python.framework/Versions/2.7/lib/python2.7/config -lpython2.7 -ldl -framework CoreFoundation

yes
------------------------------------------------------------------
Testing pyext configuration
==>

#include <Python.h>
#ifdef __cplusplus
extern "C" {
#endif
	void Py_Initialize(void);
	void Py_Finalize(void);
#ifdef __cplusplus
}
#endif
int main(int argc, char **argv)
{
   (void)argc; (void)argv;
   Py_Initialize();
   Py_Finalize();
   return 0;
}

<==
[1/2] Compiling [32mbuild/.conf_check_ade76df6234b8974bf1b06b573b0b88e/test.cpp[0m

['/usr/bin/clang++', '-O0', '-ggdb', '-g3', '-Wall', '-Werror', '-Wno-unused-local-typedefs', '-Wno-potentially-evaluated-expression', '-std=c++11', '-fPIC', '-fno-strict-aliasing', '-fno-common', '-dynamic', '-arch', 'x86_64', '-arch', 'i386', '-fno-common', '-fno-strict-aliasing', '-fwrapv', '-fwrapv', '-fPIC', '-I/System/Library/Frameworks/Python.framework/Versions/2.7/include/python2.7', '-DNS3_BUILD_PROFILE_DEBUG', '-DNS3_ASSERT_ENABLE', '-DNS3_LOG_ENABLE', '-DPYTHONDIR="/usr/local/lib/python2.7/site-packages"', '-DPYTHONARCHDIR="/usr/local/lib/python2.7/site-packages"', '-DHAVE_PYEMBED=1', '-DHAVE_PYEXT=1', '-DENABLE_DTRACE', '-DMACOSX', '-DNDEBUG', '-DNDEBUG', '-DENABLE_DTRACE', '../test.cpp', '-c', '-o', '/Users/zackbraun/Downloads/ns-allinone-3.27/ns-3.27/build/.conf_check_ade76df6234b8974bf1b06b573b0b88e/testbuild/test.cpp.1.o']
[2/2] Linking [33mbuild/.conf_check_ade76df6234b8974bf1b06b573b0b88e/testbuild/testprog.so[0m

['/usr/bin/clang++', '-arch', 'x86_64', '-arch', 'i386', '-bundle', '-undefined', 'dynamic_lookup', 'test.cpp.1.o', '-o', '/Users/zackbraun/Downloads/ns-allinone-3.27/ns-3.27/build/.conf_check_ade76df6234b8974bf1b06b573b0b88e/testbuild/testprog.so', '-framework', 'CoreFoundation', '-L/System/Library/Frameworks/Python.framework/Versions/2.7/lib/python2.7/config', '-lpython2.7', '-ldl']
yes
------------------------------------------------------------------
Checking for compilation flag -Wno-array-bounds support
==>
int main() { return 0; }
<==
[1/1] Compiling [32mbuild/.conf_check_818beecc4ab7b8a2e80dc968e677e2e2/test.cpp[0m

['/usr/bin/clang++', '-O0', '-ggdb', '-g3', '-Wall', '-Werror', '-Wno-unused-local-typedefs', '-Wno-potentially-evaluated-expression', '-std=c++11', '-Wno-array-bounds', '-DNS3_BUILD_PROFILE_DEBUG', '-DNS3_ASSERT_ENABLE', '-DNS3_LOG_ENABLE', '-DPYTHONDIR="/usr/local/lib/python2.7/site-packages"', '-DPYTHONARCHDIR="/usr/local/lib/python2.7/site-packages"', '-DHAVE_PYEMBED=1', '-DHAVE_PYEXT=1', '-DHAVE_PYTHON_H=1', '../test.cpp', '-c', '-o', '/Users/zackbraun/Downloads/ns-allinone-3.27/ns-3.27/build/.conf_check_818beecc4ab7b8a2e80dc968e677e2e2/testbuild/test.cpp.1.o']
ok
------------------------------------------------------------------
Checking for pybindgen location
../pybindgen-0.17.0.post58+ngcf00cc0 (guessed)
------------------------------------------------------------------
Checking for python module 'pybindgen'
['/usr/bin/python', '-c', "\nimport pybindgen as current_module\nversion = getattr(current_module, '__version__', None)\nif version is not None:\n\tprint(str(version))\nelse:\n\tprint('unknown version')\n"]
out: 0.17.0.post58+gcf00cc0

0.17.0.post58+gcf00cc0
------------------------------------------------------------------
Checking for pybindgen version
0.17.0.post58+gcf00cc0
------------------------------------------------------------------
Checking for code snippet
==>

#include <stdint.h>
#include <vector>

int main ()
{
   std::vector< uint64_t > t = std::vector< unsigned long > ();
   return 0;
}

<==
[1/1] Compiling [32mbuild/.conf_check_2a1429943b040c8d5fcfd4378099583b/test.cpp[0m

['/usr/bin/clang++', '-O0', '-ggdb', '-g3', '-Wall', '-Werror', '-Wno-unused-local-typedefs', '-Wno-potentially-evaluated-expression', '-std=c++11', '-DNS3_BUILD_PROFILE_DEBUG', '-DNS3_ASSERT_ENABLE', '-DNS3_LOG_ENABLE', '-DPYTHONDIR="/usr/local/lib/python2.7/site-packages"', '-DPYTHONARCHDIR="/usr/local/lib/python2.7/site-packages"', '-DHAVE_PYEMBED=1', '-DHAVE_PYEXT=1', '-DHAVE_PYTHON_H=1', '../test.cpp', '-c', '-o', '/Users/zackbraun/Downloads/ns-allinone-3.27/ns-3.27/build/.conf_check_2a1429943b040c8d5fcfd4378099583b/testbuild/test.cpp.1.o']
err: ../test.cpp:7:28: error: no viable conversion from 'vector<unsigned long>' to 'vector<uint64_t>'
   std::vector< uint64_t > t = std::vector< unsigned long > ();
                           ^   ~~~~~~~~~~~~~~~~~~~~~~~~~~~~~~~
/Library/Developer/CommandLineTools/usr/include/c++/v1/vector:530:5: note: candidate constructor not viable: no known conversion from 'std::vector<unsigned long>' to 'initializer_list<value_type>' (aka 'initializer_list<unsigned long long>') for 1st argument
    vector(initializer_list<value_type> __il);
    ^
/Library/Developer/CommandLineTools/usr/include/c++/v1/vector:542:5: note: candidate constructor not viable: no known conversion from 'std::vector<unsigned long>' to 'const std::__1::vector<unsigned long long, std::__1::allocator<unsigned long long> > &' for 1st argument
    vector(const vector& __x);
    ^
/Library/Developer/CommandLineTools/usr/include/c++/v1/vector:548:5: note: candidate constructor not viable: no known conversion from 'std::vector<unsigned long>' to 'std::__1::vector<unsigned long long, std::__1::allocator<unsigned long long> > &&' for 1st argument
    vector(vector&& __x)
    ^
1 error generated.

from /Users/zackbraun/Downloads/ns-allinone-3.27/ns-3.27/bindings/python: Test does not build: Traceback (most recent call last):
  File "/Users/zackbraun/Downloads/ns-allinone-3.27/ns-3.27/.waf-1.8.19-b1fc8f7baef51bd2db4c2971909a568d/waflib/Configure.py", line 335, in run_build
    bld.compile()
  File "/Users/zackbraun/Downloads/ns-allinone-3.27/ns-3.27/.waf-1.8.19-b1fc8f7baef51bd2db4c2971909a568d/waflib/Build.py", line 185, in compile
    raise Errors.BuildError(self.producer.error)
BuildError: Build failed
 -> task in 'testprog' failed (exit status 1): 
	{task 4535151632: cxx test.cpp -> test.cpp.1.o}
['/usr/bin/clang++', '-O0', '-ggdb', '-g3', '-Wall', '-Werror', '-Wno-unused-local-typedefs', '-Wno-potentially-evaluated-expression', '-std=c++11', '-DNS3_BUILD_PROFILE_DEBUG', '-DNS3_ASSERT_ENABLE', '-DNS3_LOG_ENABLE', '-DPYTHONDIR="/usr/local/lib/python2.7/site-packages"', '-DPYTHONARCHDIR="/usr/local/lib/python2.7/site-packages"', '-DHAVE_PYEMBED=1', '-DHAVE_PYEXT=1', '-DHAVE_PYTHON_H=1', '../test.cpp', '-c', '-o', '/Users/zackbraun/Downloads/ns-allinone-3.27/ns-3.27/build/.conf_check_2a1429943b040c8d5fcfd4378099583b/testbuild/test.cpp.1.o']

no
from /Users/zackbraun/Downloads/ns-allinone-3.27/ns-3.27/bindings/python: The configuration failed
------------------------------------------------------------------
Checking for types uint64_t and unsigned long equivalence
yes
------------------------------------------------------------------
Checking for code snippet
==>

#include <stdint.h>
#include <vector>

int main ()
{
   std::vector< uint64_t > t = std::vector< unsigned long long > ();
   return 0;
}

<==
[1/1] Compiling [32mbuild/.conf_check_dc320ee97110ccf0a958728c4ff7a08e/test.cpp[0m

['/usr/bin/clang++', '-O0', '-ggdb', '-g3', '-Wall', '-Werror', '-Wno-unused-local-typedefs', '-Wno-potentially-evaluated-expression', '-std=c++11', '-DNS3_BUILD_PROFILE_DEBUG', '-DNS3_ASSERT_ENABLE', '-DNS3_LOG_ENABLE', '-DPYTHONDIR="/usr/local/lib/python2.7/site-packages"', '-DPYTHONARCHDIR="/usr/local/lib/python2.7/site-packages"', '-DHAVE_PYEMBED=1', '-DHAVE_PYEXT=1', '-DHAVE_PYTHON_H=1', '../test.cpp', '-c', '-o', '/Users/zackbraun/Downloads/ns-allinone-3.27/ns-3.27/build/.conf_check_dc320ee97110ccf0a958728c4ff7a08e/testbuild/test.cpp.1.o']
yes
------------------------------------------------------------------
Checking for types uint64_t and unsigned long long equivalence
no
------------------------------------------------------------------
Checking for the apidefs that can be used for Python bindings
gcc-ILP32
------------------------------------------------------------------
Checking for internal GCC cxxabi
==>

# include <cxxabi.h>
int main ()
{
   const abi::__si_class_type_info *_typeinfo  __attribute__((unused)) = NULL;
   return 0;
}

<==
[1/2] Compiling [32mbuild/.conf_check_09c2b72a2d2a9b8e3fe22fa21477afa3/test.cpp[0m

['/usr/bin/clang++', '-O0', '-ggdb', '-g3', '-Wall', '-Werror', '-Wno-unused-local-typedefs', '-Wno-potentially-evaluated-expression', '-std=c++11', '-DNS3_BUILD_PROFILE_DEBUG', '-DNS3_ASSERT_ENABLE', '-DNS3_LOG_ENABLE', '-DPYTHONDIR="/usr/local/lib/python2.7/site-packages"', '-DPYTHONARCHDIR="/usr/local/lib/python2.7/site-packages"', '-DHAVE_PYEMBED=1', '-DHAVE_PYEXT=1', '-DHAVE_PYTHON_H=1', '../test.cpp', '-c', '-o', '/Users/zackbraun/Downloads/ns-allinone-3.27/ns-3.27/build/.conf_check_09c2b72a2d2a9b8e3fe22fa21477afa3/testbuild/test.cpp.1.o']
err: ../test.cpp:5:15: error: no type named '__si_class_type_info' in namespace '__cxxabiv1'
   const abi::__si_class_type_info *_typeinfo  __attribute__((unused)) = NULL;
         ~~~~~^
1 error generated.

from /Users/zackbraun/Downloads/ns-allinone-3.27/ns-3.27/bindings/python: Test does not build: Traceback (most recent call last):
  File "/Users/zackbraun/Downloads/ns-allinone-3.27/ns-3.27/.waf-1.8.19-b1fc8f7baef51bd2db4c2971909a568d/waflib/Configure.py", line 335, in run_build
    bld.compile()
  File "/Users/zackbraun/Downloads/ns-allinone-3.27/ns-3.27/.waf-1.8.19-b1fc8f7baef51bd2db4c2971909a568d/waflib/Build.py", line 185, in compile
    raise Errors.BuildError(self.producer.error)
BuildError: Build failed
 -> task in 'testprog' failed (exit status 1): 
	{task 4535239760: cxx test.cpp -> test.cpp.1.o}
['/usr/bin/clang++', '-O0', '-ggdb', '-g3', '-Wall', '-Werror', '-Wno-unused-local-typedefs', '-Wno-potentially-evaluated-expression', '-std=c++11', '-DNS3_BUILD_PROFILE_DEBUG', '-DNS3_ASSERT_ENABLE', '-DNS3_LOG_ENABLE', '-DPYTHONDIR="/usr/local/lib/python2.7/site-packages"', '-DPYTHONARCHDIR="/usr/local/lib/python2.7/site-packages"', '-DHAVE_PYEMBED=1', '-DHAVE_PYEXT=1', '-DHAVE_PYTHON_H=1', '../test.cpp', '-c', '-o', '/Users/zackbraun/Downloads/ns-allinone-3.27/ns-3.27/build/.conf_check_09c2b72a2d2a9b8e3fe22fa21477afa3/testbuild/test.cpp.1.o']

incomplete
from /Users/zackbraun/Downloads/ns-allinone-3.27/ns-3.27/bindings/python: The configuration failed
------------------------------------------------------------------
Checking for python module 'pygccxml'
['/usr/bin/python', '-c', "\nimport pygccxml as current_module\nversion = getattr(current_module, '__version__', None)\nif version is not None:\n\tprint(str(version))\nelse:\n\tprint('unknown version')\n"]
err: Traceback (most recent call last):
  File "<string>", line 2, in <module>
ImportError: No module named pygccxml

not found
from /Users/zackbraun/Downloads/ns-allinone-3.27/ns-3.27/bindings/python: Could not find the python module 'pygccxml'
------------------------------------------------------------------
Checking boost includes
headers not found, please provide a --boost-includes argument (see help)
from /Users/zackbraun/Downloads/ns-allinone-3.27/ns-3.27/src: The configuration failed
------------------------------------------------------------------
Checking boost includes
headers not found, please provide a --boost-includes argument (see help)
from /Users/zackbraun/Downloads/ns-allinone-3.27/ns-3.27/src: The configuration failed
------------------------------------------------------------------
Checking for click location
not found
------------------------------------------------------------------
Checking for program 'pkg-config'
not found
find program=['pkg-config'] paths=['/usr/local/bin', '/usr/bin', '/bin', '/usr/sbin', '/sbin', '/opt/X11/bin'] var='PKGCONFIG' -> None
from /Users/zackbraun/Downloads/ns-allinone-3.27/ns-3.27/src/config-store: Could not find the program ['pkg-config']
------------------------------------------------------------------
Checking for program 'pkg-config'
not found
find program=['pkg-config'] paths=['/usr/local/bin', '/usr/bin', '/bin', '/usr/sbin', '/sbin', '/opt/X11/bin'] var='PKGCONFIG' -> None
from /Users/zackbraun/Downloads/ns-allinone-3.27/ns-3.27/src/config-store: Could not find the program ['pkg-config']
------------------------------------------------------------------
Checking for type uint128_t
==>
#include <stdint.h>

int main(int argc, char **argv) {
	(void)argc; (void)argv;
	if ((uint128_t *) 0) return 0;
	if (sizeof (uint128_t)) return 0;
	return 1;
}

<==
[1/2] Compiling [32mbuild/.conf_check_f7af4b742ec793ba2a1b7464c5e972e8/test.cpp[0m

['/usr/bin/clang++', '-O0', '-ggdb', '-g3', '-Wall', '-Werror', '-Wno-unused-local-typedefs', '-Wno-potentially-evaluated-expression', '-std=c++11', '-DNS3_BUILD_PROFILE_DEBUG', '-DNS3_ASSERT_ENABLE', '-DNS3_LOG_ENABLE', '../test.cpp', '-c', '-o', '/Users/zackbraun/Downloads/ns-allinone-3.27/ns-3.27/build/.conf_check_f7af4b742ec793ba2a1b7464c5e972e8/testbuild/test.cpp.1.o']
err: ../test.cpp:5:7: error: use of undeclared identifier 'uint128_t'
        if ((uint128_t *) 0) return 0;
             ^
../test.cpp:5:18: error: expected expression
        if ((uint128_t *) 0) return 0;
                        ^
../test.cpp:6:14: error: use of undeclared identifier 'uint128_t'
        if (sizeof (uint128_t)) return 0;
                    ^
3 errors generated.

from /Users/zackbraun/Downloads/ns-allinone-3.27/ns-3.27/src/core: Test does not build: Traceback (most recent call last):
  File "/Users/zackbraun/Downloads/ns-allinone-3.27/ns-3.27/.waf-1.8.19-b1fc8f7baef51bd2db4c2971909a568d/waflib/Configure.py", line 335, in run_build
    bld.compile()
  File "/Users/zackbraun/Downloads/ns-allinone-3.27/ns-3.27/.waf-1.8.19-b1fc8f7baef51bd2db4c2971909a568d/waflib/Build.py", line 185, in compile
    raise Errors.BuildError(self.producer.error)
BuildError: Build failed
 -> task in 'testprog' failed (exit status 1): 
	{task 4535241360: cxx test.cpp -> test.cpp.1.o}
['/usr/bin/clang++', '-O0', '-ggdb', '-g3', '-Wall', '-Werror', '-Wno-unused-local-typedefs', '-Wno-potentially-evaluated-expression', '-std=c++11', '-DNS3_BUILD_PROFILE_DEBUG', '-DNS3_ASSERT_ENABLE', '-DNS3_LOG_ENABLE', '../test.cpp', '-c', '-o', '/Users/zackbraun/Downloads/ns-allinone-3.27/ns-3.27/build/.conf_check_f7af4b742ec793ba2a1b7464c5e972e8/testbuild/test.cpp.1.o']

not found
from /Users/zackbraun/Downloads/ns-allinone-3.27/ns-3.27/src/core: The configuration failed
------------------------------------------------------------------
Checking for type __uint128_t
==>
#include <stdint.h>

int main(int argc, char **argv) {
	(void)argc; (void)argv;
	if ((__uint128_t *) 0) return 0;
	if (sizeof (__uint128_t)) return 0;
	return 1;
}

<==
[1/2] Compiling [32mbuild/.conf_check_a6c1fb578a8da58d9b872cae051ceda3/test.cpp[0m

['/usr/bin/clang++', '-O0', '-ggdb', '-g3', '-Wall', '-Werror', '-Wno-unused-local-typedefs', '-Wno-potentially-evaluated-expression', '-std=c++11', '-DNS3_BUILD_PROFILE_DEBUG', '-DNS3_ASSERT_ENABLE', '-DNS3_LOG_ENABLE', '../test.cpp', '-c', '-o', '/Users/zackbraun/Downloads/ns-allinone-3.27/ns-3.27/build/.conf_check_a6c1fb578a8da58d9b872cae051ceda3/testbuild/test.cpp.1.o']
[2/2] Linking [33mbuild/.conf_check_a6c1fb578a8da58d9b872cae051ceda3/testbuild/testprog[0m

['/usr/bin/clang++', 'test.cpp.1.o', '-o', '/Users/zackbraun/Downloads/ns-allinone-3.27/ns-3.27/build/.conf_check_a6c1fb578a8da58d9b872cae051ceda3/testbuild/testprog']
yes
------------------------------------------------------------------
Checking high precision implementation
128-bit integer (default)
------------------------------------------------------------------
Checking for header stdint.h
==>
#include <stdint.h>

int main(int argc, char **argv) {
	(void)argc; (void)argv;
	return 0;
}

<==
[1/2] Compiling [32mbuild/.conf_check_85246aa32e426ec0b5f13078a980e2b2/test.cpp[0m

['/usr/bin/clang++', '-O0', '-ggdb', '-g3', '-Wall', '-Werror', '-Wno-unused-local-typedefs', '-Wno-potentially-evaluated-expression', '-std=c++11', '-DNS3_BUILD_PROFILE_DEBUG', '-DNS3_ASSERT_ENABLE', '-DNS3_LOG_ENABLE', '-DHAVE___UINT128_T=1', '-DINT64X64_USE_128=1', '../test.cpp', '-c', '-o', '/Users/zackbraun/Downloads/ns-allinone-3.27/ns-3.27/build/.conf_check_85246aa32e426ec0b5f13078a980e2b2/testbuild/test.cpp.1.o']
[2/2] Linking [33mbuild/.conf_check_85246aa32e426ec0b5f13078a980e2b2/testbuild/testprog[0m

['/usr/bin/clang++', 'test.cpp.1.o', '-o', '/Users/zackbraun/Downloads/ns-allinone-3.27/ns-3.27/build/.conf_check_85246aa32e426ec0b5f13078a980e2b2/testbuild/testprog']
yes
------------------------------------------------------------------
Checking for header inttypes.h
==>
#include <inttypes.h>

int main(int argc, char **argv) {
	(void)argc; (void)argv;
	return 0;
}

<==
[1/2] Compiling [32mbuild/.conf_check_695a299ef1913304c7e1a7262e021faf/test.cpp[0m

['/usr/bin/clang++', '-O0', '-ggdb', '-g3', '-Wall', '-Werror', '-Wno-unused-local-typedefs', '-Wno-potentially-evaluated-expression', '-std=c++11', '-DNS3_BUILD_PROFILE_DEBUG', '-DNS3_ASSERT_ENABLE', '-DNS3_LOG_ENABLE', '-DHAVE___UINT128_T=1', '-DINT64X64_USE_128=1', '-DHAVE_STDINT_H=1', '../test.cpp', '-c', '-o', '/Users/zackbraun/Downloads/ns-allinone-3.27/ns-3.27/build/.conf_check_695a299ef1913304c7e1a7262e021faf/testbuild/test.cpp.1.o']
[2/2] Linking [33mbuild/.conf_check_695a299ef1913304c7e1a7262e021faf/testbuild/testprog[0m

['/usr/bin/clang++', 'test.cpp.1.o', '-o', '/Users/zackbraun/Downloads/ns-allinone-3.27/ns-3.27/build/.conf_check_695a299ef1913304c7e1a7262e021faf/testbuild/testprog']
yes
------------------------------------------------------------------
Checking for header sys/inttypes.h
==>
#include <sys/inttypes.h>

int main(int argc, char **argv) {
	(void)argc; (void)argv;
	return 0;
}

<==
[1/2] Compiling [32mbuild/.conf_check_0517ff25495e769cac2b0add09ea6557/test.cpp[0m

['/usr/bin/clang++', '-O0', '-ggdb', '-g3', '-Wall', '-Werror', '-Wno-unused-local-typedefs', '-Wno-potentially-evaluated-expression', '-std=c++11', '-DNS3_BUILD_PROFILE_DEBUG', '-DNS3_ASSERT_ENABLE', '-DNS3_LOG_ENABLE', '-DHAVE___UINT128_T=1', '-DINT64X64_USE_128=1', '-DHAVE_STDINT_H=1', '-DHAVE_INTTYPES_H=1', '../test.cpp', '-c', '-o', '/Users/zackbraun/Downloads/ns-allinone-3.27/ns-3.27/build/.conf_check_0517ff25495e769cac2b0add09ea6557/testbuild/test.cpp.1.o']
err: ../test.cpp:1:10: fatal error: 'sys/inttypes.h' file not found
#include <sys/inttypes.h>
         ^~~~~~~~~~~~~~~~
1 error generated.

from /Users/zackbraun/Downloads/ns-allinone-3.27/ns-3.27/src/core: Test does not build: Traceback (most recent call last):
  File "/Users/zackbraun/Downloads/ns-allinone-3.27/ns-3.27/.waf-1.8.19-b1fc8f7baef51bd2db4c2971909a568d/waflib/Configure.py", line 335, in run_build
    bld.compile()
  File "/Users/zackbraun/Downloads/ns-allinone-3.27/ns-3.27/.waf-1.8.19-b1fc8f7baef51bd2db4c2971909a568d/waflib/Build.py", line 185, in compile
    raise Errors.BuildError(self.producer.error)
BuildError: Build failed
 -> task in 'testprog' failed (exit status 1): 
	{task 4535388624: cxx test.cpp -> test.cpp.1.o}
['/usr/bin/clang++', '-O0', '-ggdb', '-g3', '-Wall', '-Werror', '-Wno-unused-local-typedefs', '-Wno-potentially-evaluated-expression', '-std=c++11', '-DNS3_BUILD_PROFILE_DEBUG', '-DNS3_ASSERT_ENABLE', '-DNS3_LOG_ENABLE', '-DHAVE___UINT128_T=1', '-DINT64X64_USE_128=1', '-DHAVE_STDINT_H=1', '-DHAVE_INTTYPES_H=1', '../test.cpp', '-c', '-o', '/Users/zackbraun/Downloads/ns-allinone-3.27/ns-3.27/build/.conf_check_0517ff25495e769cac2b0add09ea6557/testbuild/test.cpp.1.o']

not found
from /Users/zackbraun/Downloads/ns-allinone-3.27/ns-3.27/src/core: The configuration failed
------------------------------------------------------------------
Checking for header sys/types.h
==>
#include <sys/types.h>

int main(int argc, char **argv) {
	(void)argc; (void)argv;
	return 0;
}

<==
[1/2] Compiling [32mbuild/.conf_check_eed8c25e54012a702ab328b1704e8d4e/test.cpp[0m

['/usr/bin/clang++', '-O0', '-ggdb', '-g3', '-Wall', '-Werror', '-Wno-unused-local-typedefs', '-Wno-potentially-evaluated-expression', '-std=c++11', '-DNS3_BUILD_PROFILE_DEBUG', '-DNS3_ASSERT_ENABLE', '-DNS3_LOG_ENABLE', '-DHAVE___UINT128_T=1', '-DINT64X64_USE_128=1', '-DHAVE_STDINT_H=1', '-DHAVE_INTTYPES_H=1', '../test.cpp', '-c', '-o', '/Users/zackbraun/Downloads/ns-allinone-3.27/ns-3.27/build/.conf_check_eed8c25e54012a702ab328b1704e8d4e/testbuild/test.cpp.1.o']
[2/2] Linking [33mbuild/.conf_check_eed8c25e54012a702ab328b1704e8d4e/testbuild/testprog[0m

['/usr/bin/clang++', 'test.cpp.1.o', '-o', '/Users/zackbraun/Downloads/ns-allinone-3.27/ns-3.27/build/.conf_check_eed8c25e54012a702ab328b1704e8d4e/testbuild/testprog']
yes
------------------------------------------------------------------
Checking for header sys/stat.h
==>
#include <sys/stat.h>

int main(int argc, char **argv) {
	(void)argc; (void)argv;
	return 0;
}

<==
[1/2] Compiling [32mbuild/.conf_check_c5fae0598d878fd6a3adf9c88f56c671/test.cpp[0m

['/usr/bin/clang++', '-O0', '-ggdb', '-g3', '-Wall', '-Werror', '-Wno-unused-local-typedefs', '-Wno-potentially-evaluated-expression', '-std=c++11', '-DNS3_BUILD_PROFILE_DEBUG', '-DNS3_ASSERT_ENABLE', '-DNS3_LOG_ENABLE', '-DHAVE___UINT128_T=1', '-DINT64X64_USE_128=1', '-DHAVE_STDINT_H=1', '-DHAVE_INTTYPES_H=1', '-DHAVE_SYS_TYPES_H=1', '../test.cpp', '-c', '-o', '/Users/zackbraun/Downloads/ns-allinone-3.27/ns-3.27/build/.conf_check_c5fae0598d878fd6a3adf9c88f56c671/testbuild/test.cpp.1.o']
[2/2] Linking [33mbuild/.conf_check_c5fae0598d878fd6a3adf9c88f56c671/testbuild/testprog[0m

['/usr/bin/clang++', 'test.cpp.1.o', '-o', '/Users/zackbraun/Downloads/ns-allinone-3.27/ns-3.27/build/.conf_check_c5fae0598d878fd6a3adf9c88f56c671/testbuild/testprog']
yes
------------------------------------------------------------------
Checking for header dirent.h
==>
#include <dirent.h>

int main(int argc, char **argv) {
	(void)argc; (void)argv;
	return 0;
}

<==
[1/2] Compiling [32mbuild/.conf_check_6afb4a95ea41f9b262cba5b0c82d2e4f/test.cpp[0m

['/usr/bin/clang++', '-O0', '-ggdb', '-g3', '-Wall', '-Werror', '-Wno-unused-local-typedefs', '-Wno-potentially-evaluated-expression', '-std=c++11', '-DNS3_BUILD_PROFILE_DEBUG', '-DNS3_ASSERT_ENABLE', '-DNS3_LOG_ENABLE', '-DHAVE___UINT128_T=1', '-DINT64X64_USE_128=1', '-DHAVE_STDINT_H=1', '-DHAVE_INTTYPES_H=1', '-DHAVE_SYS_TYPES_H=1', '-DHAVE_SYS_STAT_H=1', '../test.cpp', '-c', '-o', '/Users/zackbraun/Downloads/ns-allinone-3.27/ns-3.27/build/.conf_check_6afb4a95ea41f9b262cba5b0c82d2e4f/testbuild/test.cpp.1.o']
[2/2] Linking [33mbuild/.conf_check_6afb4a95ea41f9b262cba5b0c82d2e4f/testbuild/testprog[0m

['/usr/bin/clang++', 'test.cpp.1.o', '-o', '/Users/zackbraun/Downloads/ns-allinone-3.27/ns-3.27/build/.conf_check_6afb4a95ea41f9b262cba5b0c82d2e4f/testbuild/testprog']
yes
------------------------------------------------------------------
Checking for header stdlib.h
==>
#include <stdlib.h>

int main(int argc, char **argv) {
	(void)argc; (void)argv;
	return 0;
}

<==
[1/2] Compiling [32mbuild/.conf_check_6255b0a82c28ca7f0b2e20208e3207de/test.cpp[0m

['/usr/bin/clang++', '-O0', '-ggdb', '-g3', '-Wall', '-Werror', '-Wno-unused-local-typedefs', '-Wno-potentially-evaluated-expression', '-std=c++11', '-DNS3_BUILD_PROFILE_DEBUG', '-DNS3_ASSERT_ENABLE', '-DNS3_LOG_ENABLE', '-DHAVE___UINT128_T=1', '-DINT64X64_USE_128=1', '-DHAVE_STDINT_H=1', '-DHAVE_INTTYPES_H=1', '-DHAVE_SYS_TYPES_H=1', '-DHAVE_SYS_STAT_H=1', '-DHAVE_DIRENT_H=1', '../test.cpp', '-c', '-o', '/Users/zackbraun/Downloads/ns-allinone-3.27/ns-3.27/build/.conf_check_6255b0a82c28ca7f0b2e20208e3207de/testbuild/test.cpp.1.o']
[2/2] Linking [33mbuild/.conf_check_6255b0a82c28ca7f0b2e20208e3207de/testbuild/testprog[0m

['/usr/bin/clang++', 'test.cpp.1.o', '-o', '/Users/zackbraun/Downloads/ns-allinone-3.27/ns-3.27/build/.conf_check_6255b0a82c28ca7f0b2e20208e3207de/testbuild/testprog']
yes
------------------------------------------------------------------
Checking for header signal.h
==>
#include <signal.h>

int main(int argc, char **argv) {
	(void)argc; (void)argv;
	return 0;
}

<==
[1/2] Compiling [32mbuild/.conf_check_25f474ef0a692422c19c8b2a60176931/test.cpp[0m

['/usr/bin/clang++', '-O0', '-ggdb', '-g3', '-Wall', '-Werror', '-Wno-unused-local-typedefs', '-Wno-potentially-evaluated-expression', '-std=c++11', '-DNS3_BUILD_PROFILE_DEBUG', '-DNS3_ASSERT_ENABLE', '-DNS3_LOG_ENABLE', '-DHAVE___UINT128_T=1', '-DINT64X64_USE_128=1', '-DHAVE_STDINT_H=1', '-DHAVE_INTTYPES_H=1', '-DHAVE_SYS_TYPES_H=1', '-DHAVE_SYS_STAT_H=1', '-DHAVE_DIRENT_H=1', '-DHAVE_STDLIB_H=1', '-DHAVE_GETENV=1', '../test.cpp', '-c', '-o', '/Users/zackbraun/Downloads/ns-allinone-3.27/ns-3.27/build/.conf_check_25f474ef0a692422c19c8b2a60176931/testbuild/test.cpp.1.o']
[2/2] Linking [33mbuild/.conf_check_25f474ef0a692422c19c8b2a60176931/testbuild/testprog[0m

['/usr/bin/clang++', 'test.cpp.1.o', '-o', '/Users/zackbraun/Downloads/ns-allinone-3.27/ns-3.27/build/.conf_check_25f474ef0a692422c19c8b2a60176931/testbuild/testprog']
yes
------------------------------------------------------------------
Checking for header pthread.h
==>

#include <pthread.h>
int main ()
{
   pthread_mutex_t m;
   pthread_mutex_init (&m, NULL);
   return 0;
}

<==
[1/2] Compiling [32mbuild/.conf_check_812a8458bb56ae165d5f282af06ed645/test.cpp[0m

['/usr/bin/clang++', '-O0', '-ggdb', '-g3', '-Wall', '-Werror', '-Wno-unused-local-typedefs', '-Wno-potentially-evaluated-expression', '-std=c++11', '-DNS3_BUILD_PROFILE_DEBUG', '-DNS3_ASSERT_ENABLE', '-DNS3_LOG_ENABLE', '-DHAVE___UINT128_T=1', '-DINT64X64_USE_128=1', '-DHAVE_STDINT_H=1', '-DHAVE_INTTYPES_H=1', '-DHAVE_SYS_TYPES_H=1', '-DHAVE_SYS_STAT_H=1', '-DHAVE_DIRENT_H=1', '-DHAVE_STDLIB_H=1', '-DHAVE_GETENV=1', '-DHAVE_SIGNAL_H=1', '../test.cpp', '-c', '-o', '/Users/zackbraun/Downloads/ns-allinone-3.27/ns-3.27/build/.conf_check_812a8458bb56ae165d5f282af06ed645/testbuild/test.cpp.1.o']
[2/2] Linking [33mbuild/.conf_check_812a8458bb56ae165d5f282af06ed645/testbuild/testprog[0m

['/usr/bin/clang++', 'test.cpp.1.o', '-o', '/Users/zackbraun/Downloads/ns-allinone-3.27/ns-3.27/build/.conf_check_812a8458bb56ae165d5f282af06ed645/testbuild/testprog']
yes
------------------------------------------------------------------
Checking for header stdint.h
==>
#include <stdint.h>

int main(int argc, char **argv) {
	(void)argc; (void)argv;
	return 0;
}

<==
[1/2] Compiling [32mbuild/.conf_check_85246aa32e426ec0b5f13078a980e2b2/test.cpp[0m

['/usr/bin/clang++', '-O0', '-ggdb', '-g3', '-Wall', '-Werror', '-Wno-unused-local-typedefs', '-Wno-potentially-evaluated-expression', '-std=c++11', '-DNS3_BUILD_PROFILE_DEBUG', '-DNS3_ASSERT_ENABLE', '-DNS3_LOG_ENABLE', '-DHAVE___UINT128_T=1', '-DINT64X64_USE_128=1', '-DHAVE_INTTYPES_H=1', '-DHAVE_SYS_TYPES_H=1', '-DHAVE_SYS_STAT_H=1', '-DHAVE_DIRENT_H=1', '-DHAVE_STDLIB_H=1', '-DHAVE_GETENV=1', '-DHAVE_SIGNAL_H=1', '-DHAVE_PTHREAD_H=1', '../test.cpp', '-c', '-o', '/Users/zackbraun/Downloads/ns-allinone-3.27/ns-3.27/build/.conf_check_85246aa32e426ec0b5f13078a980e2b2/testbuild/test.cpp.1.o']
[2/2] Linking [33mbuild/.conf_check_85246aa32e426ec0b5f13078a980e2b2/testbuild/testprog[0m

['/usr/bin/clang++', 'test.cpp.1.o', '-o', '/Users/zackbraun/Downloads/ns-allinone-3.27/ns-3.27/build/.conf_check_85246aa32e426ec0b5f13078a980e2b2/testbuild/testprog']
yes
------------------------------------------------------------------
Checking for header inttypes.h
==>
#include <inttypes.h>

int main(int argc, char **argv) {
	(void)argc; (void)argv;
	return 0;
}

<==
[1/2] Compiling [32mbuild/.conf_check_695a299ef1913304c7e1a7262e021faf/test.cpp[0m

['/usr/bin/clang++', '-O0', '-ggdb', '-g3', '-Wall', '-Werror', '-Wno-unused-local-typedefs', '-Wno-potentially-evaluated-expression', '-std=c++11', '-DNS3_BUILD_PROFILE_DEBUG', '-DNS3_ASSERT_ENABLE', '-DNS3_LOG_ENABLE', '-DHAVE___UINT128_T=1', '-DINT64X64_USE_128=1', '-DHAVE_SYS_TYPES_H=1', '-DHAVE_SYS_STAT_H=1', '-DHAVE_DIRENT_H=1', '-DHAVE_STDLIB_H=1', '-DHAVE_GETENV=1', '-DHAVE_SIGNAL_H=1', '-DHAVE_PTHREAD_H=1', '-DHAVE_STDINT_H=1', '../test.cpp', '-c', '-o', '/Users/zackbraun/Downloads/ns-allinone-3.27/ns-3.27/build/.conf_check_695a299ef1913304c7e1a7262e021faf/testbuild/test.cpp.1.o']
[2/2] Linking [33mbuild/.conf_check_695a299ef1913304c7e1a7262e021faf/testbuild/testprog[0m

['/usr/bin/clang++', 'test.cpp.1.o', '-o', '/Users/zackbraun/Downloads/ns-allinone-3.27/ns-3.27/build/.conf_check_695a299ef1913304c7e1a7262e021faf/testbuild/testprog']
yes
------------------------------------------------------------------
Checking for header sys/inttypes.h
==>
#include <sys/inttypes.h>

int main(int argc, char **argv) {
	(void)argc; (void)argv;
	return 0;
}

<==
[1/2] Compiling [32mbuild/.conf_check_0517ff25495e769cac2b0add09ea6557/test.cpp[0m

['/usr/bin/clang++', '-O0', '-ggdb', '-g3', '-Wall', '-Werror', '-Wno-unused-local-typedefs', '-Wno-potentially-evaluated-expression', '-std=c++11', '-DNS3_BUILD_PROFILE_DEBUG', '-DNS3_ASSERT_ENABLE', '-DNS3_LOG_ENABLE', '-DHAVE___UINT128_T=1', '-DINT64X64_USE_128=1', '-DHAVE_SYS_TYPES_H=1', '-DHAVE_SYS_STAT_H=1', '-DHAVE_DIRENT_H=1', '-DHAVE_STDLIB_H=1', '-DHAVE_GETENV=1', '-DHAVE_SIGNAL_H=1', '-DHAVE_PTHREAD_H=1', '-DHAVE_STDINT_H=1', '-DHAVE_INTTYPES_H=1', '../test.cpp', '-c', '-o', '/Users/zackbraun/Downloads/ns-allinone-3.27/ns-3.27/build/.conf_check_0517ff25495e769cac2b0add09ea6557/testbuild/test.cpp.1.o']
err: ../test.cpp:1:10: fatal error: 'sys/inttypes.h' file not found
#include <sys/inttypes.h>
         ^~~~~~~~~~~~~~~~
1 error generated.

from /Users/zackbraun/Downloads/ns-allinone-3.27/ns-3.27/src/core: Test does not build: Traceback (most recent call last):
  File "/Users/zackbraun/Downloads/ns-allinone-3.27/ns-3.27/.waf-1.8.19-b1fc8f7baef51bd2db4c2971909a568d/waflib/Configure.py", line 335, in run_build
    bld.compile()
  File "/Users/zackbraun/Downloads/ns-allinone-3.27/ns-3.27/.waf-1.8.19-b1fc8f7baef51bd2db4c2971909a568d/waflib/Build.py", line 185, in compile
    raise Errors.BuildError(self.producer.error)
BuildError: Build failed
 -> task in 'testprog' failed (exit status 1): 
	{task 4535348560: cxx test.cpp -> test.cpp.1.o}
['/usr/bin/clang++', '-O0', '-ggdb', '-g3', '-Wall', '-Werror', '-Wno-unused-local-typedefs', '-Wno-potentially-evaluated-expression', '-std=c++11', '-DNS3_BUILD_PROFILE_DEBUG', '-DNS3_ASSERT_ENABLE', '-DNS3_LOG_ENABLE', '-DHAVE___UINT128_T=1', '-DINT64X64_USE_128=1', '-DHAVE_SYS_TYPES_H=1', '-DHAVE_SYS_STAT_H=1', '-DHAVE_DIRENT_H=1', '-DHAVE_STDLIB_H=1', '-DHAVE_GETENV=1', '-DHAVE_SIGNAL_H=1', '-DHAVE_PTHREAD_H=1', '-DHAVE_STDINT_H=1', '-DHAVE_INTTYPES_H=1', '../test.cpp', '-c', '-o', '/Users/zackbraun/Downloads/ns-allinone-3.27/ns-3.27/build/.conf_check_0517ff25495e769cac2b0add09ea6557/testbuild/test.cpp.1.o']

not found
from /Users/zackbraun/Downloads/ns-allinone-3.27/ns-3.27/src/core: The configuration failed
------------------------------------------------------------------
Checking for library rt
==>

int main(int argc, char **argv) {
	(void)argc; (void)argv;
	return 0;
}

<==
[1/2] Compiling [32mbuild/.conf_check_9897dc7eb7db470b8c00a466b7664a71/test.cpp[0m

['/usr/bin/clang++', '-O0', '-ggdb', '-g3', '-Wall', '-Werror', '-Wno-unused-local-typedefs', '-Wno-potentially-evaluated-expression', '-std=c++11', '-DNS3_BUILD_PROFILE_DEBUG', '-DNS3_ASSERT_ENABLE', '-DNS3_LOG_ENABLE', '-DHAVE___UINT128_T=1', '-DINT64X64_USE_128=1', '-DHAVE_SYS_TYPES_H=1', '-DHAVE_SYS_STAT_H=1', '-DHAVE_DIRENT_H=1', '-DHAVE_STDLIB_H=1', '-DHAVE_GETENV=1', '-DHAVE_SIGNAL_H=1', '-DHAVE_PTHREAD_H=1', '-DHAVE_STDINT_H=1', '-DHAVE_INTTYPES_H=1', '../test.cpp', '-c', '-o', '/Users/zackbraun/Downloads/ns-allinone-3.27/ns-3.27/build/.conf_check_9897dc7eb7db470b8c00a466b7664a71/testbuild/test.cpp.1.o']
[2/2] Linking [33mbuild/.conf_check_9897dc7eb7db470b8c00a466b7664a71/testbuild/testprog[0m

['/usr/bin/clang++', 'test.cpp.1.o', '-o', '/Users/zackbraun/Downloads/ns-allinone-3.27/ns-3.27/build/.conf_check_9897dc7eb7db470b8c00a466b7664a71/testbuild/testprog', '-lrt']
err: ld: library not found for -lrt
clang: error: linker command failed with exit code 1 (use -v to see invocation)

from /Users/zackbraun/Downloads/ns-allinone-3.27/ns-3.27/src/core: Test does not build: Traceback (most recent call last):
  File "/Users/zackbraun/Downloads/ns-allinone-3.27/ns-3.27/.waf-1.8.19-b1fc8f7baef51bd2db4c2971909a568d/waflib/Configure.py", line 335, in run_build
    bld.compile()
  File "/Users/zackbraun/Downloads/ns-allinone-3.27/ns-3.27/.waf-1.8.19-b1fc8f7baef51bd2db4c2971909a568d/waflib/Build.py", line 185, in compile
    raise Errors.BuildError(self.producer.error)
BuildError: Build failed
 -> task in 'testprog' failed (exit status 1): 
	{task 4535347728: cxxprogram test.cpp.1.o -> testprog}
['/usr/bin/clang++', 'test.cpp.1.o', '-o', '/Users/zackbraun/Downloads/ns-allinone-3.27/ns-3.27/build/.conf_check_9897dc7eb7db470b8c00a466b7664a71/testbuild/testprog', '-lrt']

not found
from /Users/zackbraun/Downloads/ns-allinone-3.27/ns-3.27/src/core: The configuration failed
------------------------------------------------------------------
Checking for header sys/ioctl.h
==>
#include <sys/ioctl.h>

int main(int argc, char **argv) {
	(void)argc; (void)argv;
	return 0;
}

<==
[1/2] Compiling [32mbuild/.conf_check_8fd42b51dbefd8a0e4331a7b8a909cd8/test.cpp[0m

['/usr/bin/clang++', '-O0', '-ggdb', '-g3', '-Wall', '-Werror', '-Wno-unused-local-typedefs', '-Wno-potentially-evaluated-expression', '-std=c++11', '-DNS3_BUILD_PROFILE_DEBUG', '-DNS3_ASSERT_ENABLE', '-DNS3_LOG_ENABLE', '../test.cpp', '-c', '-o', '/Users/zackbraun/Downloads/ns-allinone-3.27/ns-3.27/build/.conf_check_8fd42b51dbefd8a0e4331a7b8a909cd8/testbuild/test.cpp.1.o']
[2/2] Linking [33mbuild/.conf_check_8fd42b51dbefd8a0e4331a7b8a909cd8/testbuild/testprog[0m

['/usr/bin/clang++', 'test.cpp.1.o', '-o', '/Users/zackbraun/Downloads/ns-allinone-3.27/ns-3.27/build/.conf_check_8fd42b51dbefd8a0e4331a7b8a909cd8/testbuild/testprog']
yes
------------------------------------------------------------------
Checking for header net/if.h
==>
#include <net/if.h>

int main(int argc, char **argv) {
	(void)argc; (void)argv;
	return 0;
}

<==
[1/2] Compiling [32mbuild/.conf_check_a6e34bd49074d0fc21572691d2708536/test.cpp[0m

['/usr/bin/clang++', '-O0', '-ggdb', '-g3', '-Wall', '-Werror', '-Wno-unused-local-typedefs', '-Wno-potentially-evaluated-expression', '-std=c++11', '-DNS3_BUILD_PROFILE_DEBUG', '-DNS3_ASSERT_ENABLE', '-DNS3_LOG_ENABLE', '-DHAVE_SYS_IOCTL_H=1', '../test.cpp', '-c', '-o', '/Users/zackbraun/Downloads/ns-allinone-3.27/ns-3.27/build/.conf_check_a6e34bd49074d0fc21572691d2708536/testbuild/test.cpp.1.o']
[2/2] Linking [33mbuild/.conf_check_a6e34bd49074d0fc21572691d2708536/testbuild/testprog[0m

['/usr/bin/clang++', 'test.cpp.1.o', '-o', '/Users/zackbraun/Downloads/ns-allinone-3.27/ns-3.27/build/.conf_check_a6e34bd49074d0fc21572691d2708536/testbuild/testprog']
yes
------------------------------------------------------------------
Checking for header net/ethernet.h
==>
#include <net/ethernet.h>

int main(int argc, char **argv) {
	(void)argc; (void)argv;
	return 0;
}

<==
[1/2] Compiling [32mbuild/.conf_check_226fda950ea4c1dbb2220b62cd040721/test.cpp[0m

['/usr/bin/clang++', '-O0', '-ggdb', '-g3', '-Wall', '-Werror', '-Wno-unused-local-typedefs', '-Wno-potentially-evaluated-expression', '-std=c++11', '-DNS3_BUILD_PROFILE_DEBUG', '-DNS3_ASSERT_ENABLE', '-DNS3_LOG_ENABLE', '-DHAVE_SYS_IOCTL_H=1', '-DHAVE_IF_NETS_H=1', '../test.cpp', '-c', '-o', '/Users/zackbraun/Downloads/ns-allinone-3.27/ns-3.27/build/.conf_check_226fda950ea4c1dbb2220b62cd040721/testbuild/test.cpp.1.o']
[2/2] Linking [33mbuild/.conf_check_226fda950ea4c1dbb2220b62cd040721/testbuild/testprog[0m

['/usr/bin/clang++', 'test.cpp.1.o', '-o', '/Users/zackbraun/Downloads/ns-allinone-3.27/ns-3.27/build/.conf_check_226fda950ea4c1dbb2220b62cd040721/testbuild/testprog']
yes
------------------------------------------------------------------
Checking for header linux/if_tun.h
==>
#include <linux/if_tun.h>

int main(int argc, char **argv) {
	(void)argc; (void)argv;
	return 0;
}

<==
[1/2] Compiling [32mbuild/.conf_check_daa825ffeced8f61f68a350bb58f6b55/test.cpp[0m

['/usr/bin/clang++', '-O0', '-ggdb', '-g3', '-Wall', '-Werror', '-Wno-unused-local-typedefs', '-Wno-potentially-evaluated-expression', '-std=c++11', '-DNS3_BUILD_PROFILE_DEBUG', '-DNS3_ASSERT_ENABLE', '-DNS3_LOG_ENABLE', '-DHAVE_SYS_IOCTL_H=1', '-DHAVE_IF_NETS_H=1', '-DHAVE_NET_ETHERNET_H=1', '../test.cpp', '-c', '-o', '/Users/zackbraun/Downloads/ns-allinone-3.27/ns-3.27/build/.conf_check_daa825ffeced8f61f68a350bb58f6b55/testbuild/test.cpp.1.o']
err: ../test.cpp:1:10: fatal error: 'linux/if_tun.h' file not found
#include <linux/if_tun.h>
         ^~~~~~~~~~~~~~~~
1 error generated.

from /Users/zackbraun/Downloads/ns-allinone-3.27/ns-3.27/src/fd-net-device: Test does not build: Traceback (most recent call last):
  File "/Users/zackbraun/Downloads/ns-allinone-3.27/ns-3.27/.waf-1.8.19-b1fc8f7baef51bd2db4c2971909a568d/waflib/Configure.py", line 335, in run_build
    bld.compile()
  File "/Users/zackbraun/Downloads/ns-allinone-3.27/ns-3.27/.waf-1.8.19-b1fc8f7baef51bd2db4c2971909a568d/waflib/Build.py", line 185, in compile
    raise Errors.BuildError(self.producer.error)
BuildError: Build failed
 -> task in 'testprog' failed (exit status 1): 
	{task 4535348176: cxx test.cpp -> test.cpp.1.o}
['/usr/bin/clang++', '-O0', '-ggdb', '-g3', '-Wall', '-Werror', '-Wno-unused-local-typedefs', '-Wno-potentially-evaluated-expression', '-std=c++11', '-DNS3_BUILD_PROFILE_DEBUG', '-DNS3_ASSERT_ENABLE', '-DNS3_LOG_ENABLE', '-DHAVE_SYS_IOCTL_H=1', '-DHAVE_IF_NETS_H=1', '-DHAVE_NET_ETHERNET_H=1', '../test.cpp', '-c', '-o', '/Users/zackbraun/Downloads/ns-allinone-3.27/ns-3.27/build/.conf_check_daa825ffeced8f61f68a350bb58f6b55/testbuild/test.cpp.1.o']

not found
from /Users/zackbraun/Downloads/ns-allinone-3.27/ns-3.27/src/fd-net-device: The configuration failed
------------------------------------------------------------------
Checking for header netpacket/packet.h
==>
#include <netpacket/packet.h>

int main(int argc, char **argv) {
	(void)argc; (void)argv;
	return 0;
}

<==
[1/2] Compiling [32mbuild/.conf_check_b952e12810aa76caf5e41124297a3b00/test.cpp[0m

['/usr/bin/clang++', '-O0', '-ggdb', '-g3', '-Wall', '-Werror', '-Wno-unused-local-typedefs', '-Wno-potentially-evaluated-expression', '-std=c++11', '-DNS3_BUILD_PROFILE_DEBUG', '-DNS3_ASSERT_ENABLE', '-DNS3_LOG_ENABLE', '-DHAVE_SYS_IOCTL_H=1', '-DHAVE_IF_NETS_H=1', '-DHAVE_NET_ETHERNET_H=1', '../test.cpp', '-c', '-o', '/Users/zackbraun/Downloads/ns-allinone-3.27/ns-3.27/build/.conf_check_b952e12810aa76caf5e41124297a3b00/testbuild/test.cpp.1.o']
err: ../test.cpp:1:10: fatal error: 'netpacket/packet.h' file not found
#include <netpacket/packet.h>
         ^~~~~~~~~~~~~~~~~~~~
1 error generated.

from /Users/zackbraun/Downloads/ns-allinone-3.27/ns-3.27/src/fd-net-device: Test does not build: Traceback (most recent call last):
  File "/Users/zackbraun/Downloads/ns-allinone-3.27/ns-3.27/.waf-1.8.19-b1fc8f7baef51bd2db4c2971909a568d/waflib/Configure.py", line 335, in run_build
    bld.compile()
  File "/Users/zackbraun/Downloads/ns-allinone-3.27/ns-3.27/.waf-1.8.19-b1fc8f7baef51bd2db4c2971909a568d/waflib/Build.py", line 185, in compile
    raise Errors.BuildError(self.producer.error)
BuildError: Build failed
 -> task in 'testprog' failed (exit status 1): 
	{task 4535387024: cxx test.cpp -> test.cpp.1.o}
['/usr/bin/clang++', '-O0', '-ggdb', '-g3', '-Wall', '-Werror', '-Wno-unused-local-typedefs', '-Wno-potentially-evaluated-expression', '-std=c++11', '-DNS3_BUILD_PROFILE_DEBUG', '-DNS3_ASSERT_ENABLE', '-DNS3_LOG_ENABLE', '-DHAVE_SYS_IOCTL_H=1', '-DHAVE_IF_NETS_H=1', '-DHAVE_NET_ETHERNET_H=1', '../test.cpp', '-c', '-o', '/Users/zackbraun/Downloads/ns-allinone-3.27/ns-3.27/build/.conf_check_b952e12810aa76caf5e41124297a3b00/testbuild/test.cpp.1.o']

not found
from /Users/zackbraun/Downloads/ns-allinone-3.27/ns-3.27/src/fd-net-device: The configuration failed
------------------------------------------------------------------
Checking for NSC location
not found
------------------------------------------------------------------
Checking for program 'pkg-config'
not found
find program=['pkg-config'] paths=['/usr/local/bin', '/usr/bin', '/bin', '/usr/sbin', '/sbin', '/opt/X11/bin'] var='PKGCONFIG' -> None
from /Users/zackbraun/Downloads/ns-allinone-3.27/ns-3.27/src/stats: Could not find the program ['pkg-config']
------------------------------------------------------------------
Checking for header linux/if_tun.h
==>
#include <linux/if_tun.h>

int main(int argc, char **argv) {
	(void)argc; (void)argv;
	return 0;
}

<==
[1/2] Compiling [32mbuild/.conf_check_daa825ffeced8f61f68a350bb58f6b55/test.cpp[0m

['/usr/bin/clang++', '-O0', '-ggdb', '-g3', '-Wall', '-Werror', '-Wno-unused-local-typedefs', '-Wno-potentially-evaluated-expression', '-std=c++11', '-DNS3_BUILD_PROFILE_DEBUG', '-DNS3_ASSERT_ENABLE', '-DNS3_LOG_ENABLE', '-DHAVE_SYS_IOCTL_H=1', '-DHAVE_IF_NETS_H=1', '-DHAVE_NET_ETHERNET_H=1', '../test.cpp', '-c', '-o', '/Users/zackbraun/Downloads/ns-allinone-3.27/ns-3.27/build/.conf_check_daa825ffeced8f61f68a350bb58f6b55/testbuild/test.cpp.1.o']
err: ../test.cpp:1:10: fatal error: 'linux/if_tun.h' file not found
#include <linux/if_tun.h>
         ^~~~~~~~~~~~~~~~
1 error generated.

from /Users/zackbraun/Downloads/ns-allinone-3.27/ns-3.27/src/tap-bridge: Test does not build: Traceback (most recent call last):
  File "/Users/zackbraun/Downloads/ns-allinone-3.27/ns-3.27/.waf-1.8.19-b1fc8f7baef51bd2db4c2971909a568d/waflib/Configure.py", line 335, in run_build
    bld.compile()
  File "/Users/zackbraun/Downloads/ns-allinone-3.27/ns-3.27/.waf-1.8.19-b1fc8f7baef51bd2db4c2971909a568d/waflib/Build.py", line 185, in compile
    raise Errors.BuildError(self.producer.error)
BuildError: Build failed
 -> task in 'testprog' failed (exit status 1): 
	{task 4535240784: cxx test.cpp -> test.cpp.1.o}
['/usr/bin/clang++', '-O0', '-ggdb', '-g3', '-Wall', '-Werror', '-Wno-unused-local-typedefs', '-Wno-potentially-evaluated-expression', '-std=c++11', '-DNS3_BUILD_PROFILE_DEBUG', '-DNS3_ASSERT_ENABLE', '-DNS3_LOG_ENABLE', '-DHAVE_SYS_IOCTL_H=1', '-DHAVE_IF_NETS_H=1', '-DHAVE_NET_ETHERNET_H=1', '../test.cpp', '-c', '-o', '/Users/zackbraun/Downloads/ns-allinone-3.27/ns-3.27/build/.conf_check_daa825ffeced8f61f68a350bb58f6b55/testbuild/test.cpp.1.o']

not found
from /Users/zackbraun/Downloads/ns-allinone-3.27/ns-3.27/src/tap-bridge: The configuration failed
------------------------------------------------------------------
Checking for python module 'gtk'
['/usr/bin/python', '-c', "\nimport gtk as current_module\nversion = getattr(current_module, '__version__', None)\nif version is not None:\n\tprint(str(version))\nelse:\n\tprint('unknown version')\n"]
err: Traceback (most recent call last):
  File "<string>", line 2, in <module>
ImportError: No module named gtk

not found
from /Users/zackbraun/Downloads/ns-allinone-3.27/ns-3.27/src/visualizer: Could not find the python module 'gtk'
------------------------------------------------------------------
Checking for python module 'goocanvas'
['/usr/bin/python', '-c', "\nimport goocanvas as current_module\nversion = getattr(current_module, '__version__', None)\nif version is not None:\n\tprint(str(version))\nelse:\n\tprint('unknown version')\n"]
err: Traceback (most recent call last):
  File "<string>", line 2, in <module>
ImportError: No module named goocanvas

not found
from /Users/zackbraun/Downloads/ns-allinone-3.27/ns-3.27/src/visualizer: Could not find the python module 'goocanvas'
------------------------------------------------------------------
Checking for python module 'pygraphviz'
['/usr/bin/python', '-c', "\nimport pygraphviz as current_module\nversion = getattr(current_module, '__version__', None)\nif version is not None:\n\tprint(str(version))\nelse:\n\tprint('unknown version')\n"]
err: Traceback (most recent call last):
  File "<string>", line 2, in <module>
ImportError: No module named pygraphviz

not found
from /Users/zackbraun/Downloads/ns-allinone-3.27/ns-3.27/src/visualizer: Could not find the python module 'pygraphviz'
(tool boost is already loaded, skipping)
------------------------------------------------------------------
Checking boost includes
headers not found, please provide a --boost-includes argument (see help)
from /Users/zackbraun/Downloads/ns-allinone-3.27/ns-3.27/contrib: The configuration failed
------------------------------------------------------------------
Checking boost includes
headers not found, please provide a --boost-includes argument (see help)
from /Users/zackbraun/Downloads/ns-allinone-3.27/ns-3.27/contrib: The configuration failed
------------------------------------------------------------------
Checking for program 'sudo'
/usr/bin/sudo
find program=['sudo'] paths=['/usr/local/bin', '/usr/bin', '/bin', '/usr/sbin', '/sbin', '/opt/X11/bin'] var='SUDO' -> ['/usr/bin/sudo']
------------------------------------------------------------------
Checking for program 'valgrind'
not found
find program=['valgrind'] paths=['/usr/local/bin', '/usr/bin', '/bin', '/usr/sbin', '/sbin', '/opt/X11/bin'] var='VALGRIND' -> None
from /Users/zackbraun/Downloads/ns-allinone-3.27/ns-3.27: Could not find the program ['valgrind']
------------------------------------------------------------------
Checking for program 'pkg-config'
not found
find program=['pkg-config'] paths=['/usr/local/bin', '/usr/bin', '/bin', '/usr/sbin', '/sbin', '/opt/X11/bin'] var='PKGCONFIG' -> None
from /Users/zackbraun/Downloads/ns-allinone-3.27/ns-3.27: Could not find the program ['pkg-config']
------------------------------------------------------------------
python-config
not found
find program=['libgcrypt-config'] paths=['/usr/local/bin', '/usr/bin', '/bin', '/usr/sbin', '/sbin', '/opt/X11/bin'] var='LIBGCRYPT_CONFIG' -> None
from /Users/zackbraun/Downloads/ns-allinone-3.27/ns-3.27: Could not find the program ['libgcrypt-config']
------------------------------------------------------------------
Checking for program 'doxygen'
not found
find program=['doxygen'] paths=['/usr/local/bin', '/usr/bin', '/bin', '/usr/sbin', '/sbin', '/opt/X11/bin'] var='DOXYGEN' -> None
from /Users/zackbraun/Downloads/ns-allinone-3.27/ns-3.27: Could not find the program ['doxygen']
